Jun 12, 2016 3:09:56 PM org.apache.catalina.startup.VersionLoggerListener log
INFO: Server version:        Apache Tomcat/7.0.69
Jun 12, 2016 3:09:56 PM org.apache.catalina.startup.VersionLoggerListener log
INFO: Server built:          Apr 11 2016 07:57:09 UTC
Jun 12, 2016 3:09:56 PM org.apache.catalina.startup.VersionLoggerListener log
INFO: Server number:         7.0.69.0
Jun 12, 2016 3:09:56 PM org.apache.catalina.startup.VersionLoggerListener log
INFO: OS Name:               Windows 7
Jun 12, 2016 3:09:56 PM org.apache.catalina.startup.VersionLoggerListener log
INFO: OS Version:            6.1
Jun 12, 2016 3:09:56 PM org.apache.catalina.startup.VersionLoggerListener log
INFO: Architecture:          x86
Jun 12, 2016 3:09:56 PM org.apache.catalina.startup.VersionLoggerListener log
INFO: Java Home:             C:\Program Files\Java\jre7
Jun 12, 2016 3:09:56 PM org.apache.catalina.startup.VersionLoggerListener log
INFO: JVM Version:           1.7.0-b147
Jun 12, 2016 3:09:56 PM org.apache.catalina.startup.VersionLoggerListener log
INFO: JVM Vendor:            Oracle Corporation
Jun 12, 2016 3:09:56 PM org.apache.catalina.startup.VersionLoggerListener log
INFO: CATALINA_BASE:         C:\Users\User\Documents\NetBeansProjects\kanyakubja\tomcat7
Jun 12, 2016 3:09:56 PM org.apache.catalina.startup.VersionLoggerListener log
INFO: CATALINA_HOME:         C:\Users\User\Documents\NetBeansProjects\kanyakubja\tomcat7
Jun 12, 2016 3:09:56 PM org.apache.catalina.startup.VersionLoggerListener log
INFO: Command line argument: -Djdk.tls.ephemeralDHKeySize=2048
Jun 12, 2016 3:09:56 PM org.apache.catalina.startup.VersionLoggerListener log
INFO: Command line argument: -Djava.util.logging.config.file=C:\Users\User\Documents\NetBeansProjects\kanyakubja\tomcat7\conf\logging.properties
Jun 12, 2016 3:09:56 PM org.apache.catalina.startup.VersionLoggerListener log
INFO: Command line argument: -Djava.util.logging.manager=org.apache.juli.ClassLoaderLogManager
Jun 12, 2016 3:09:56 PM org.apache.catalina.startup.VersionLoggerListener log
INFO: Command line argument: -Djava.endorsed.dirs=C:\Users\User\Documents\NetBeansProjects\kanyakubja\tomcat7\endorsed
Jun 12, 2016 3:09:56 PM org.apache.catalina.startup.VersionLoggerListener log
INFO: Command line argument: -Dcatalina.base=C:\Users\User\Documents\NetBeansProjects\kanyakubja\tomcat7
Jun 12, 2016 3:09:56 PM org.apache.catalina.startup.VersionLoggerListener log
INFO: Command line argument: -Dcatalina.home=C:\Users\User\Documents\NetBeansProjects\kanyakubja\tomcat7
Jun 12, 2016 3:09:56 PM org.apache.catalina.startup.VersionLoggerListener log
INFO: Command line argument: -Djava.io.tmpdir=C:\Users\User\Documents\NetBeansProjects\kanyakubja\tomcat7\temp
Jun 12, 2016 3:09:56 PM org.apache.catalina.core.AprLifecycleListener lifecycleEvent
INFO: Loaded APR based Apache Tomcat Native library 1.1.33 using APR version 1.5.1.
Jun 12, 2016 3:09:56 PM org.apache.catalina.core.AprLifecycleListener lifecycleEvent
INFO: APR capabilities: IPv6 [true], sendfile [true], accept filters [false], random [true].
Jun 12, 2016 3:09:58 PM org.apache.catalina.core.AprLifecycleListener initializeSSL
INFO: OpenSSL successfully initialized (OpenSSL 1.0.1m 19 Mar 2015)
Jun 12, 2016 3:10:00 PM org.apache.coyote.AbstractProtocol init
INFO: Initializing ProtocolHandler ["http-apr-8080"]
Jun 12, 2016 3:10:00 PM org.apache.coyote.AbstractProtocol init
INFO: Initializing ProtocolHandler ["ajp-apr-8009"]
Jun 12, 2016 3:10:00 PM org.apache.catalina.startup.Catalina load
INFO: Initialization processed in 7689 ms
Jun 12, 2016 3:10:00 PM org.apache.catalina.core.StandardService startInternal
INFO: Starting service Catalina
Jun 12, 2016 3:10:00 PM org.apache.catalina.core.StandardEngine startInternal
INFO: Starting Servlet Engine: Apache Tomcat/7.0.69
Jun 12, 2016 3:10:00 PM org.apache.catalina.startup.HostConfig deployDirectory
INFO: Deploying web application directory C:\Users\User\Documents\NetBeansProjects\kanyakubja\tomcat7\webapps\docs
Jun 12, 2016 3:10:02 PM org.apache.catalina.util.SessionIdGeneratorBase createSecureRandom
INFO: Creation of SecureRandom instance for session ID generation using [SHA1PRNG] took [182] milliseconds.
Jun 12, 2016 3:10:02 PM org.apache.catalina.startup.HostConfig deployDirectory
INFO: Deployment of web application directory C:\Users\User\Documents\NetBeansProjects\kanyakubja\tomcat7\webapps\docs has finished in 2,148 ms
Jun 12, 2016 3:10:02 PM org.apache.catalina.startup.HostConfig deployDirectory
INFO: Deploying web application directory C:\Users\User\Documents\NetBeansProjects\kanyakubja\tomcat7\webapps\examples
Jun 12, 2016 3:10:04 PM org.apache.catalina.startup.HostConfig deployDirectory
INFO: Deployment of web application directory C:\Users\User\Documents\NetBeansProjects\kanyakubja\tomcat7\webapps\examples has finished in 1,555 ms
Jun 12, 2016 3:10:04 PM org.apache.catalina.startup.HostConfig deployDirectory
INFO: Deploying web application directory C:\Users\User\Documents\NetBeansProjects\kanyakubja\tomcat7\webapps\host-manager
Jun 12, 2016 3:10:04 PM org.apache.catalina.startup.HostConfig deployDirectory
INFO: Deployment of web application directory C:\Users\User\Documents\NetBeansProjects\kanyakubja\tomcat7\webapps\host-manager has finished in 200 ms
Jun 12, 2016 3:10:04 PM org.apache.catalina.startup.HostConfig deployDirectory
INFO: Deploying web application directory C:\Users\User\Documents\NetBeansProjects\kanyakubja\tomcat7\webapps\manager
Jun 12, 2016 3:10:04 PM org.apache.catalina.startup.HostConfig deployDirectory
INFO: Deployment of web application directory C:\Users\User\Documents\NetBeansProjects\kanyakubja\tomcat7\webapps\manager has finished in 172 ms
Jun 12, 2016 3:10:04 PM org.apache.catalina.startup.HostConfig deployDirectory
INFO: Deploying web application directory C:\Users\User\Documents\NetBeansProjects\kanyakubja\tomcat7\webapps\ROOT
Jun 12, 2016 3:10:04 PM org.apache.catalina.startup.HostConfig deployDirectory
INFO: Deployment of web application directory C:\Users\User\Documents\NetBeansProjects\kanyakubja\tomcat7\webapps\ROOT has finished in 269 ms
Jun 12, 2016 3:10:04 PM org.apache.coyote.AbstractProtocol start
INFO: Starting ProtocolHandler ["http-apr-8080"]
Jun 12, 2016 3:10:04 PM org.apache.coyote.AbstractProtocol start
INFO: Starting ProtocolHandler ["ajp-apr-8009"]
Jun 12, 2016 3:10:04 PM org.apache.catalina.startup.Catalina start
INFO: Server startup in 4642 ms
Jun 12, 2016 3:15:30 PM org.apache.coyote.AbstractProtocol pause
INFO: Pausing ProtocolHandler ["http-apr-8080"]
Jun 12, 2016 3:15:30 PM org.apache.coyote.AbstractProtocol pause
INFO: Pausing ProtocolHandler ["ajp-apr-8009"]
Jun 12, 2016 3:15:31 PM org.apache.catalina.core.StandardService stopInternal
INFO: Stopping service Catalina
Jun 12, 2016 3:15:31 PM org.apache.coyote.AbstractProtocol stop
INFO: Stopping ProtocolHandler ["http-apr-8080"]
Jun 12, 2016 3:15:31 PM org.apache.coyote.AbstractProtocol stop
INFO: Stopping ProtocolHandler ["ajp-apr-8009"]
Jun 12, 2016 3:15:31 PM org.apache.coyote.AbstractProtocol destroy
INFO: Destroying ProtocolHandler ["http-apr-8080"]
Jun 12, 2016 3:15:31 PM org.apache.coyote.AbstractProtocol destroy
INFO: Destroying ProtocolHandler ["ajp-apr-8009"]
Jun 12, 2016 3:15:50 PM org.apache.catalina.startup.VersionLoggerListener log
INFO: Server version:        Apache Tomcat/7.0.69
Jun 12, 2016 3:15:50 PM org.apache.catalina.startup.VersionLoggerListener log
INFO: Server built:          Apr 11 2016 07:57:09 UTC
Jun 12, 2016 3:15:50 PM org.apache.catalina.startup.VersionLoggerListener log
INFO: Server number:         7.0.69.0
Jun 12, 2016 3:15:50 PM org.apache.catalina.startup.VersionLoggerListener log
INFO: OS Name:               Windows 7
Jun 12, 2016 3:15:50 PM org.apache.catalina.startup.VersionLoggerListener log
INFO: OS Version:            6.1
Jun 12, 2016 3:15:50 PM org.apache.catalina.startup.VersionLoggerListener log
INFO: Architecture:          x86
Jun 12, 2016 3:15:50 PM org.apache.catalina.startup.VersionLoggerListener log
INFO: Java Home:             C:\Program Files\Java\jdk1.7.0\jre
Jun 12, 2016 3:15:50 PM org.apache.catalina.startup.VersionLoggerListener log
INFO: JVM Version:           1.7.0-b147
Jun 12, 2016 3:15:50 PM org.apache.catalina.startup.VersionLoggerListener log
INFO: JVM Vendor:            Oracle Corporation
Jun 12, 2016 3:15:50 PM org.apache.catalina.startup.VersionLoggerListener log
INFO: CATALINA_BASE:         C:\Users\User\Documents\NetBeansProjects\kanyakubja\tomcat7
Jun 12, 2016 3:15:50 PM org.apache.catalina.startup.VersionLoggerListener log
INFO: CATALINA_HOME:         C:\Users\User\Documents\NetBeansProjects\kanyakubja\tomcat7
Jun 12, 2016 3:15:50 PM org.apache.catalina.startup.VersionLoggerListener log
INFO: Command line argument: -Djdk.tls.ephemeralDHKeySize=2048
Jun 12, 2016 3:15:50 PM org.apache.catalina.startup.VersionLoggerListener log
INFO: Command line argument: -Djava.util.logging.config.file=C:\Users\User\Documents\NetBeansProjects\kanyakubja\tomcat7\conf\logging.properties
Jun 12, 2016 3:15:50 PM org.apache.catalina.startup.VersionLoggerListener log
INFO: Command line argument: -Djava.util.logging.manager=org.apache.juli.ClassLoaderLogManager
Jun 12, 2016 3:15:50 PM org.apache.catalina.startup.VersionLoggerListener log
INFO: Command line argument: -Djava.endorsed.dirs=C:\Users\User\Documents\NetBeansProjects\kanyakubja\tomcat7\endorsed
Jun 12, 2016 3:15:50 PM org.apache.catalina.startup.VersionLoggerListener log
INFO: Command line argument: -Dcatalina.base=C:\Users\User\Documents\NetBeansProjects\kanyakubja\tomcat7
Jun 12, 2016 3:15:50 PM org.apache.catalina.startup.VersionLoggerListener log
INFO: Command line argument: -Dcatalina.home=C:\Users\User\Documents\NetBeansProjects\kanyakubja\tomcat7
Jun 12, 2016 3:15:50 PM org.apache.catalina.startup.VersionLoggerListener log
INFO: Command line argument: -Djava.io.tmpdir=C:\Users\User\Documents\NetBeansProjects\kanyakubja\tomcat7\temp
Jun 12, 2016 3:15:50 PM org.apache.catalina.core.AprLifecycleListener lifecycleEvent
INFO: Loaded APR based Apache Tomcat Native library 1.1.33 using APR version 1.5.1.
Jun 12, 2016 3:15:50 PM org.apache.catalina.core.AprLifecycleListener lifecycleEvent
INFO: APR capabilities: IPv6 [true], sendfile [true], accept filters [false], random [true].
Jun 12, 2016 3:15:52 PM org.apache.catalina.core.AprLifecycleListener initializeSSL
INFO: OpenSSL successfully initialized (OpenSSL 1.0.1m 19 Mar 2015)
Jun 12, 2016 3:15:53 PM org.apache.coyote.AbstractProtocol init
INFO: Initializing ProtocolHandler ["http-apr-8080"]
Jun 12, 2016 3:15:53 PM org.apache.coyote.AbstractProtocol init
INFO: Initializing ProtocolHandler ["ajp-apr-8009"]
Jun 12, 2016 3:15:53 PM org.apache.catalina.startup.Catalina load
INFO: Initialization processed in 5759 ms
Jun 12, 2016 3:15:53 PM org.apache.catalina.core.StandardService startInternal
INFO: Starting service Catalina
Jun 12, 2016 3:15:53 PM org.apache.catalina.core.StandardEngine startInternal
INFO: Starting Servlet Engine: Apache Tomcat/7.0.69
Jun 12, 2016 3:15:53 PM org.apache.catalina.startup.HostConfig deployDirectory
INFO: Deploying web application directory C:\Users\User\Documents\NetBeansProjects\kanyakubja\tomcat7\webapps\docs
Jun 12, 2016 3:15:54 PM org.apache.catalina.util.SessionIdGeneratorBase createSecureRandom
INFO: Creation of SecureRandom instance for session ID generation using [SHA1PRNG] took [125] milliseconds.
Jun 12, 2016 3:15:55 PM org.apache.catalina.startup.HostConfig deployDirectory
INFO: Deployment of web application directory C:\Users\User\Documents\NetBeansProjects\kanyakubja\tomcat7\webapps\docs has finished in 1,123 ms
Jun 12, 2016 3:15:55 PM org.apache.catalina.startup.HostConfig deployDirectory
INFO: Deploying web application directory C:\Users\User\Documents\NetBeansProjects\kanyakubja\tomcat7\webapps\examples
Jun 12, 2016 3:15:56 PM org.apache.catalina.startup.HostConfig deployDirectory
INFO: Deployment of web application directory C:\Users\User\Documents\NetBeansProjects\kanyakubja\tomcat7\webapps\examples has finished in 1,202 ms
Jun 12, 2016 3:15:56 PM org.apache.catalina.startup.HostConfig deployDirectory
INFO: Deploying web application directory C:\Users\User\Documents\NetBeansProjects\kanyakubja\tomcat7\webapps\host-manager
Jun 12, 2016 3:15:56 PM org.apache.catalina.startup.HostConfig deployDirectory
INFO: Deployment of web application directory C:\Users\User\Documents\NetBeansProjects\kanyakubja\tomcat7\webapps\host-manager has finished in 198 ms
Jun 12, 2016 3:15:56 PM org.apache.catalina.startup.HostConfig deployDirectory
INFO: Deploying web application directory C:\Users\User\Documents\NetBeansProjects\kanyakubja\tomcat7\webapps\manager
Jun 12, 2016 3:15:56 PM org.apache.catalina.startup.HostConfig deployDirectory
INFO: Deployment of web application directory C:\Users\User\Documents\NetBeansProjects\kanyakubja\tomcat7\webapps\manager has finished in 188 ms
Jun 12, 2016 3:15:56 PM org.apache.catalina.startup.HostConfig deployDirectory
INFO: Deploying web application directory C:\Users\User\Documents\NetBeansProjects\kanyakubja\tomcat7\webapps\ROOT
Jun 12, 2016 3:15:56 PM org.apache.catalina.startup.HostConfig deployDirectory
INFO: Deployment of web application directory C:\Users\User\Documents\NetBeansProjects\kanyakubja\tomcat7\webapps\ROOT has finished in 219 ms
Jun 12, 2016 3:15:56 PM org.apache.coyote.AbstractProtocol start
INFO: Starting ProtocolHandler ["http-apr-8080"]
Jun 12, 2016 3:15:56 PM org.apache.coyote.AbstractProtocol start
INFO: Starting ProtocolHandler ["ajp-apr-8009"]
Jun 12, 2016 3:15:56 PM org.apache.catalina.startup.Catalina start
INFO: Server startup in 3193 ms
Jun 12, 2016 3:17:11 PM org.apache.catalina.realm.LockOutRealm authenticate
WARNING: An attempt was made to authenticate the locked user "admin"
Jun 12, 2016 3:17:11 PM org.apache.catalina.realm.LockOutRealm authenticate
WARNING: An attempt was made to authenticate the locked user "admin"
Jun 12, 2016 3:17:13 PM org.apache.catalina.realm.LockOutRealm authenticate
WARNING: An attempt was made to authenticate the locked user "admin"
Jun 12, 2016 3:17:22 PM org.apache.catalina.core.StandardServer await
INFO: A valid shutdown command was received via the shutdown port. Stopping the Server instance.
Jun 12, 2016 3:17:22 PM org.apache.coyote.AbstractProtocol pause
INFO: Pausing ProtocolHandler ["http-apr-8080"]
Jun 12, 2016 3:17:22 PM org.apache.coyote.AbstractProtocol pause
INFO: Pausing ProtocolHandler ["ajp-apr-8009"]
Jun 12, 2016 3:17:22 PM org.apache.catalina.core.StandardService stopInternal
INFO: Stopping service Catalina
Jun 12, 2016 3:17:23 PM org.apache.coyote.AbstractProtocol stop
INFO: Stopping ProtocolHandler ["http-apr-8080"]
Jun 12, 2016 3:17:23 PM org.apache.coyote.AbstractProtocol stop
INFO: Stopping ProtocolHandler ["ajp-apr-8009"]
Jun 12, 2016 3:17:23 PM org.apache.coyote.AbstractProtocol destroy
INFO: Destroying ProtocolHandler ["http-apr-8080"]
Jun 12, 2016 3:17:23 PM org.apache.coyote.AbstractProtocol destroy
INFO: Destroying ProtocolHandler ["ajp-apr-8009"]
Jun 12, 2016 3:17:36 PM org.apache.catalina.startup.VersionLoggerListener log
INFO: Server version:        Apache Tomcat/7.0.69
Jun 12, 2016 3:17:36 PM org.apache.catalina.startup.VersionLoggerListener log
INFO: Server built:          Apr 11 2016 07:57:09 UTC
Jun 12, 2016 3:17:36 PM org.apache.catalina.startup.VersionLoggerListener log
INFO: Server number:         7.0.69.0
Jun 12, 2016 3:17:36 PM org.apache.catalina.startup.VersionLoggerListener log
INFO: OS Name:               Windows 7
Jun 12, 2016 3:17:36 PM org.apache.catalina.startup.VersionLoggerListener log
INFO: OS Version:            6.1
Jun 12, 2016 3:17:36 PM org.apache.catalina.startup.VersionLoggerListener log
INFO: Architecture:          x86
Jun 12, 2016 3:17:36 PM org.apache.catalina.startup.VersionLoggerListener log
INFO: Java Home:             C:\Program Files\Java\jdk1.7.0\jre
Jun 12, 2016 3:17:36 PM org.apache.catalina.startup.VersionLoggerListener log
INFO: JVM Version:           1.7.0-b147
Jun 12, 2016 3:17:36 PM org.apache.catalina.startup.VersionLoggerListener log
INFO: JVM Vendor:            Oracle Corporation
Jun 12, 2016 3:17:36 PM org.apache.catalina.startup.VersionLoggerListener log
INFO: CATALINA_BASE:         C:\Users\User\Documents\NetBeansProjects\kanyakubja\tomcat7
Jun 12, 2016 3:17:36 PM org.apache.catalina.startup.VersionLoggerListener log
INFO: CATALINA_HOME:         C:\Users\User\Documents\NetBeansProjects\kanyakubja\tomcat7
Jun 12, 2016 3:17:36 PM org.apache.catalina.startup.VersionLoggerListener log
INFO: Command line argument: -Djdk.tls.ephemeralDHKeySize=2048
Jun 12, 2016 3:17:36 PM org.apache.catalina.startup.VersionLoggerListener log
INFO: Command line argument: -Djava.util.logging.config.file=C:\Users\User\Documents\NetBeansProjects\kanyakubja\tomcat7\conf\logging.properties
Jun 12, 2016 3:17:36 PM org.apache.catalina.startup.VersionLoggerListener log
INFO: Command line argument: -Djava.util.logging.manager=org.apache.juli.ClassLoaderLogManager
Jun 12, 2016 3:17:36 PM org.apache.catalina.startup.VersionLoggerListener log
INFO: Command line argument: -Djava.endorsed.dirs=C:\Users\User\Documents\NetBeansProjects\kanyakubja\tomcat7\endorsed
Jun 12, 2016 3:17:36 PM org.apache.catalina.startup.VersionLoggerListener log
INFO: Command line argument: -Dcatalina.base=C:\Users\User\Documents\NetBeansProjects\kanyakubja\tomcat7
Jun 12, 2016 3:17:36 PM org.apache.catalina.startup.VersionLoggerListener log
INFO: Command line argument: -Dcatalina.home=C:\Users\User\Documents\NetBeansProjects\kanyakubja\tomcat7
Jun 12, 2016 3:17:36 PM org.apache.catalina.startup.VersionLoggerListener log
INFO: Command line argument: -Djava.io.tmpdir=C:\Users\User\Documents\NetBeansProjects\kanyakubja\tomcat7\temp
Jun 12, 2016 3:17:36 PM org.apache.catalina.core.AprLifecycleListener lifecycleEvent
INFO: Loaded APR based Apache Tomcat Native library 1.1.33 using APR version 1.5.1.
Jun 12, 2016 3:17:36 PM org.apache.catalina.core.AprLifecycleListener lifecycleEvent
INFO: APR capabilities: IPv6 [true], sendfile [true], accept filters [false], random [true].
Jun 12, 2016 3:17:37 PM org.apache.catalina.core.AprLifecycleListener initializeSSL
INFO: OpenSSL successfully initialized (OpenSSL 1.0.1m 19 Mar 2015)
Jun 12, 2016 3:17:37 PM org.apache.coyote.AbstractProtocol init
INFO: Initializing ProtocolHandler ["http-apr-8080"]
Jun 12, 2016 3:17:37 PM org.apache.coyote.AbstractProtocol init
INFO: Initializing ProtocolHandler ["ajp-apr-8009"]
Jun 12, 2016 3:17:37 PM org.apache.catalina.startup.Catalina load
INFO: Initialization processed in 2256 ms
Jun 12, 2016 3:17:37 PM org.apache.catalina.core.StandardService startInternal
INFO: Starting service Catalina
Jun 12, 2016 3:17:37 PM org.apache.catalina.core.StandardEngine startInternal
INFO: Starting Servlet Engine: Apache Tomcat/7.0.69
Jun 12, 2016 3:17:37 PM org.apache.catalina.startup.HostConfig deployDirectory
INFO: Deploying web application directory C:\Users\User\Documents\NetBeansProjects\kanyakubja\tomcat7\webapps\docs
Jun 12, 2016 3:17:38 PM org.apache.catalina.startup.HostConfig deployDirectory
INFO: Deployment of web application directory C:\Users\User\Documents\NetBeansProjects\kanyakubja\tomcat7\webapps\docs has finished in 718 ms
Jun 12, 2016 3:17:38 PM org.apache.catalina.startup.HostConfig deployDirectory
INFO: Deploying web application directory C:\Users\User\Documents\NetBeansProjects\kanyakubja\tomcat7\webapps\examples
Jun 12, 2016 3:17:39 PM org.apache.catalina.startup.HostConfig deployDirectory
INFO: Deployment of web application directory C:\Users\User\Documents\NetBeansProjects\kanyakubja\tomcat7\webapps\examples has finished in 874 ms
Jun 12, 2016 3:17:39 PM org.apache.catalina.startup.HostConfig deployDirectory
INFO: Deploying web application directory C:\Users\User\Documents\NetBeansProjects\kanyakubja\tomcat7\webapps\host-manager
Jun 12, 2016 3:17:39 PM org.apache.catalina.startup.HostConfig deployDirectory
INFO: Deployment of web application directory C:\Users\User\Documents\NetBeansProjects\kanyakubja\tomcat7\webapps\host-manager has finished in 171 ms
Jun 12, 2016 3:17:39 PM org.apache.catalina.startup.HostConfig deployDirectory
INFO: Deploying web application directory C:\Users\User\Documents\NetBeansProjects\kanyakubja\tomcat7\webapps\manager
Jun 12, 2016 3:17:39 PM org.apache.catalina.startup.HostConfig deployDirectory
INFO: Deployment of web application directory C:\Users\User\Documents\NetBeansProjects\kanyakubja\tomcat7\webapps\manager has finished in 141 ms
Jun 12, 2016 3:17:39 PM org.apache.catalina.startup.HostConfig deployDirectory
INFO: Deploying web application directory C:\Users\User\Documents\NetBeansProjects\kanyakubja\tomcat7\webapps\ROOT
Jun 12, 2016 3:17:39 PM org.apache.catalina.startup.HostConfig deployDirectory
INFO: Deployment of web application directory C:\Users\User\Documents\NetBeansProjects\kanyakubja\tomcat7\webapps\ROOT has finished in 141 ms
Jun 12, 2016 3:17:39 PM org.apache.coyote.AbstractProtocol start
INFO: Starting ProtocolHandler ["http-apr-8080"]
Jun 12, 2016 3:17:39 PM org.apache.coyote.AbstractProtocol start
INFO: Starting ProtocolHandler ["ajp-apr-8009"]
Jun 12, 2016 3:17:39 PM org.apache.catalina.startup.Catalina start
INFO: Server startup in 2197 ms
Jun 12, 2016 3:17:46 PM org.apache.catalina.realm.LockOutRealm authenticate
WARNING: An attempt was made to authenticate the locked user "admin"
Jun 12, 2016 3:17:55 PM org.apache.catalina.core.StandardServer await
INFO: A valid shutdown command was received via the shutdown port. Stopping the Server instance.
Jun 12, 2016 3:17:55 PM org.apache.coyote.AbstractProtocol pause
INFO: Pausing ProtocolHandler ["http-apr-8080"]
Jun 12, 2016 3:17:55 PM org.apache.coyote.AbstractProtocol pause
INFO: Pausing ProtocolHandler ["ajp-apr-8009"]
Jun 12, 2016 3:17:55 PM org.apache.catalina.core.StandardService stopInternal
INFO: Stopping service Catalina
Jun 12, 2016 3:17:55 PM org.apache.coyote.AbstractProtocol stop
INFO: Stopping ProtocolHandler ["http-apr-8080"]
Jun 12, 2016 3:17:55 PM org.apache.coyote.AbstractProtocol stop
INFO: Stopping ProtocolHandler ["ajp-apr-8009"]
Jun 12, 2016 3:17:55 PM org.apache.coyote.AbstractProtocol destroy
INFO: Destroying ProtocolHandler ["http-apr-8080"]
Jun 12, 2016 3:17:55 PM org.apache.coyote.AbstractProtocol destroy
INFO: Destroying ProtocolHandler ["ajp-apr-8009"]
Jun 12, 2016 3:18:30 PM org.apache.catalina.startup.VersionLoggerListener log
INFO: Server version:        Apache Tomcat/7.0.69
Jun 12, 2016 3:18:30 PM org.apache.catalina.startup.VersionLoggerListener log
INFO: Server built:          Apr 11 2016 07:57:09 UTC
Jun 12, 2016 3:18:30 PM org.apache.catalina.startup.VersionLoggerListener log
INFO: Server number:         7.0.69.0
Jun 12, 2016 3:18:30 PM org.apache.catalina.startup.VersionLoggerListener log
INFO: OS Name:               Windows 7
Jun 12, 2016 3:18:30 PM org.apache.catalina.startup.VersionLoggerListener log
INFO: OS Version:            6.1
Jun 12, 2016 3:18:30 PM org.apache.catalina.startup.VersionLoggerListener log
INFO: Architecture:          x86
Jun 12, 2016 3:18:30 PM org.apache.catalina.startup.VersionLoggerListener log
INFO: Java Home:             C:\Program Files\Java\jdk1.7.0\jre
Jun 12, 2016 3:18:30 PM org.apache.catalina.startup.VersionLoggerListener log
INFO: JVM Version:           1.7.0-b147
Jun 12, 2016 3:18:30 PM org.apache.catalina.startup.VersionLoggerListener log
INFO: JVM Vendor:            Oracle Corporation
Jun 12, 2016 3:18:30 PM org.apache.catalina.startup.VersionLoggerListener log
INFO: CATALINA_BASE:         C:\Users\User\Documents\NetBeansProjects\kanyakubja\tomcat7
Jun 12, 2016 3:18:30 PM org.apache.catalina.startup.VersionLoggerListener log
INFO: CATALINA_HOME:         C:\Users\User\Documents\NetBeansProjects\kanyakubja\tomcat7
Jun 12, 2016 3:18:30 PM org.apache.catalina.startup.VersionLoggerListener log
INFO: Command line argument: -Djdk.tls.ephemeralDHKeySize=2048
Jun 12, 2016 3:18:30 PM org.apache.catalina.startup.VersionLoggerListener log
INFO: Command line argument: -Djava.util.logging.config.file=C:\Users\User\Documents\NetBeansProjects\kanyakubja\tomcat7\conf\logging.properties
Jun 12, 2016 3:18:30 PM org.apache.catalina.startup.VersionLoggerListener log
INFO: Command line argument: -Djava.util.logging.manager=org.apache.juli.ClassLoaderLogManager
Jun 12, 2016 3:18:30 PM org.apache.catalina.startup.VersionLoggerListener log
INFO: Command line argument: -Djava.endorsed.dirs=C:\Users\User\Documents\NetBeansProjects\kanyakubja\tomcat7\endorsed
Jun 12, 2016 3:18:30 PM org.apache.catalina.startup.VersionLoggerListener log
INFO: Command line argument: -Dcatalina.base=C:\Users\User\Documents\NetBeansProjects\kanyakubja\tomcat7
Jun 12, 2016 3:18:30 PM org.apache.catalina.startup.VersionLoggerListener log
INFO: Command line argument: -Dcatalina.home=C:\Users\User\Documents\NetBeansProjects\kanyakubja\tomcat7
Jun 12, 2016 3:18:30 PM org.apache.catalina.startup.VersionLoggerListener log
INFO: Command line argument: -Djava.io.tmpdir=C:\Users\User\Documents\NetBeansProjects\kanyakubja\tomcat7\temp
Jun 12, 2016 3:18:30 PM org.apache.catalina.core.AprLifecycleListener lifecycleEvent
INFO: Loaded APR based Apache Tomcat Native library 1.1.33 using APR version 1.5.1.
Jun 12, 2016 3:18:30 PM org.apache.catalina.core.AprLifecycleListener lifecycleEvent
INFO: APR capabilities: IPv6 [true], sendfile [true], accept filters [false], random [true].
Jun 12, 2016 3:18:31 PM org.apache.catalina.core.AprLifecycleListener initializeSSL
INFO: OpenSSL successfully initialized (OpenSSL 1.0.1m 19 Mar 2015)
Jun 12, 2016 3:18:31 PM org.apache.coyote.AbstractProtocol init
INFO: Initializing ProtocolHandler ["http-apr-8080"]
Jun 12, 2016 3:18:31 PM org.apache.coyote.AbstractProtocol init
INFO: Initializing ProtocolHandler ["ajp-apr-8009"]
Jun 12, 2016 3:18:31 PM org.apache.catalina.startup.Catalina load
INFO: Initialization processed in 2421 ms
Jun 12, 2016 3:18:32 PM org.apache.catalina.core.StandardService startInternal
INFO: Starting service Catalina
Jun 12, 2016 3:18:32 PM org.apache.catalina.core.StandardEngine startInternal
INFO: Starting Servlet Engine: Apache Tomcat/7.0.69
Jun 12, 2016 3:18:32 PM org.apache.catalina.startup.HostConfig deployDirectory
INFO: Deploying web application directory C:\Users\User\Documents\NetBeansProjects\kanyakubja\tomcat7\webapps\docs
Jun 12, 2016 3:18:32 PM org.apache.catalina.startup.HostConfig deployDirectory
INFO: Deployment of web application directory C:\Users\User\Documents\NetBeansProjects\kanyakubja\tomcat7\webapps\docs has finished in 641 ms
Jun 12, 2016 3:18:32 PM org.apache.catalina.startup.HostConfig deployDirectory
INFO: Deploying web application directory C:\Users\User\Documents\NetBeansProjects\kanyakubja\tomcat7\webapps\examples
Jun 12, 2016 3:18:33 PM org.apache.catalina.startup.HostConfig deployDirectory
INFO: Deployment of web application directory C:\Users\User\Documents\NetBeansProjects\kanyakubja\tomcat7\webapps\examples has finished in 765 ms
Jun 12, 2016 3:18:33 PM org.apache.catalina.startup.HostConfig deployDirectory
INFO: Deploying web application directory C:\Users\User\Documents\NetBeansProjects\kanyakubja\tomcat7\webapps\host-manager
Jun 12, 2016 3:18:33 PM org.apache.catalina.startup.HostConfig deployDirectory
INFO: Deployment of web application directory C:\Users\User\Documents\NetBeansProjects\kanyakubja\tomcat7\webapps\host-manager has finished in 140 ms
Jun 12, 2016 3:18:33 PM org.apache.catalina.startup.HostConfig deployDirectory
INFO: Deploying web application directory C:\Users\User\Documents\NetBeansProjects\kanyakubja\tomcat7\webapps\manager
Jun 12, 2016 3:18:33 PM org.apache.catalina.startup.HostConfig deployDirectory
INFO: Deployment of web application directory C:\Users\User\Documents\NetBeansProjects\kanyakubja\tomcat7\webapps\manager has finished in 140 ms
Jun 12, 2016 3:18:33 PM org.apache.catalina.startup.HostConfig deployDirectory
INFO: Deploying web application directory C:\Users\User\Documents\NetBeansProjects\kanyakubja\tomcat7\webapps\ROOT
Jun 12, 2016 3:18:33 PM org.apache.catalina.startup.HostConfig deployDirectory
INFO: Deployment of web application directory C:\Users\User\Documents\NetBeansProjects\kanyakubja\tomcat7\webapps\ROOT has finished in 188 ms
Jun 12, 2016 3:18:33 PM org.apache.coyote.AbstractProtocol start
INFO: Starting ProtocolHandler ["http-apr-8080"]
Jun 12, 2016 3:18:33 PM org.apache.coyote.AbstractProtocol start
INFO: Starting ProtocolHandler ["ajp-apr-8009"]
Jun 12, 2016 3:18:33 PM org.apache.catalina.startup.Catalina start
INFO: Server startup in 2042 ms
Jun 12, 2016 3:18:35 PM org.apache.catalina.startup.HostConfig deployDescriptor
INFO: Deploying configuration descriptor C:\Users\User\Documents\NetBeansProjects\kanyakubja\tomcat7\conf\Catalina\localhost\kanyakubja-portal.xml
Jun 12, 2016 3:18:35 PM org.apache.catalina.startup.HostConfig deployDescriptor
INFO: Deployment of configuration descriptor C:\Users\User\Documents\NetBeansProjects\kanyakubja\tomcat7\conf\Catalina\localhost\kanyakubja-portal.xml has finished in 218 ms
Jun 12, 2016 3:18:35 PM org.apache.catalina.util.LifecycleBase start
INFO: The start() method was called on component [StandardEngine[Catalina].StandardHost[localhost].StandardContext[/kanyakubja-portal]] after start() had already been called. The second call will be ignored.
Jun 12, 2016 3:23:12 PM org.apache.catalina.core.StandardContext reload
INFO: Reloading Context with name [/kanyakubja-portal] has started
Jun 12, 2016 3:23:12 PM org.apache.catalina.core.StandardContext reload
INFO: Reloading Context with name [/kanyakubja-portal] is completed
Jun 12, 2016 3:23:37 PM org.apache.catalina.core.StandardContext reload
INFO: Reloading Context with name [/kanyakubja-portal] has started
Jun 12, 2016 3:23:37 PM org.apache.catalina.core.StandardContext reload
INFO: Reloading Context with name [/kanyakubja-portal] is completed
Jun 12, 2016 3:24:55 PM org.apache.catalina.startup.HostConfig undeploy
INFO: Undeploying context [/host-manager]
Jun 12, 2016 3:24:55 PM org.apache.catalina.startup.HostConfig undeploy
INFO: Undeploying context [/docs]
Jun 12, 2016 3:24:56 PM org.apache.catalina.startup.HostConfig undeploy
INFO: Undeploying context []
Jun 12, 2016 3:24:57 PM org.apache.catalina.startup.HostConfig undeploy
INFO: Undeploying context [/kanyakubja-portal]
Jun 12, 2016 3:24:57 PM org.apache.catalina.startup.HostConfig undeploy
INFO: Undeploying context [/examples]
Jun 12, 2016 3:24:58 PM org.apache.catalina.startup.HostConfig undeploy
INFO: Undeploying context [/manager]
Jun 12, 2016 3:24:58 PM org.apache.catalina.startup.HostConfig deployDirectory
INFO: Deploying web application directory C:\Users\User\Documents\NetBeansProjects\kanyakubja\tomcat7\webapps\docs
Jun 12, 2016 3:24:58 PM org.apache.catalina.startup.HostConfig deployDirectory
INFO: Deployment of web application directory C:\Users\User\Documents\NetBeansProjects\kanyakubja\tomcat7\webapps\docs has finished in 203 ms
Jun 12, 2016 3:24:58 PM org.apache.catalina.startup.HostConfig deployDirectory
INFO: Deploying web application directory C:\Users\User\Documents\NetBeansProjects\kanyakubja\tomcat7\webapps\examples
Jun 12, 2016 3:25:00 PM org.apache.catalina.startup.HostConfig deployDirectory
INFO: Deployment of web application directory C:\Users\User\Documents\NetBeansProjects\kanyakubja\tomcat7\webapps\examples has finished in 1,655 ms
Jun 12, 2016 3:25:00 PM org.apache.catalina.startup.HostConfig deployDirectory
INFO: Deploying web application directory C:\Users\User\Documents\NetBeansProjects\kanyakubja\tomcat7\webapps\host-manager
Jun 12, 2016 3:25:00 PM org.apache.catalina.startup.HostConfig deployDirectory
INFO: Deployment of web application directory C:\Users\User\Documents\NetBeansProjects\kanyakubja\tomcat7\webapps\host-manager has finished in 172 ms
Jun 12, 2016 3:25:00 PM org.apache.catalina.startup.HostConfig deployDirectory
INFO: Deploying web application directory C:\Users\User\Documents\NetBeansProjects\kanyakubja\tomcat7\webapps\manager
Jun 12, 2016 3:25:00 PM org.apache.catalina.startup.HostConfig deployDirectory
INFO: Deployment of web application directory C:\Users\User\Documents\NetBeansProjects\kanyakubja\tomcat7\webapps\manager has finished in 171 ms
Jun 12, 2016 3:25:00 PM org.apache.catalina.startup.HostConfig deployDirectory
INFO: Deploying web application directory C:\Users\User\Documents\NetBeansProjects\kanyakubja\tomcat7\webapps\ROOT
Jun 12, 2016 3:25:00 PM org.apache.catalina.startup.HostConfig deployDirectory
INFO: Deployment of web application directory C:\Users\User\Documents\NetBeansProjects\kanyakubja\tomcat7\webapps\ROOT has finished in 156 ms
