Jun 12, 2016 4:15:36 PM org.apache.catalina.startup.VersionLoggerListener log
INFO: Server version:        Apache Tomcat/7.0.57
Jun 12, 2016 4:15:36 PM org.apache.catalina.startup.VersionLoggerListener log
INFO: Server built:          Nov 3 2014 08:39:16 UTC
Jun 12, 2016 4:15:36 PM org.apache.catalina.startup.VersionLoggerListener log
INFO: Server number:         7.0.57.0
Jun 12, 2016 4:15:36 PM org.apache.catalina.startup.VersionLoggerListener log
INFO: OS Name:               Mac OS X
Jun 12, 2016 4:15:36 PM org.apache.catalina.startup.VersionLoggerListener log
INFO: OS Version:            10.11.5
Jun 12, 2016 4:15:36 PM org.apache.catalina.startup.VersionLoggerListener log
INFO: Architecture:          x86_64
Jun 12, 2016 4:15:36 PM org.apache.catalina.startup.VersionLoggerListener log
INFO: JAVA_HOME:             /Library/Java/JavaVirtualMachines/jdk1.8.0_25.jdk/Contents/Home/jre
Jun 12, 2016 4:15:36 PM org.apache.catalina.startup.VersionLoggerListener log
INFO: JVM Version:           1.8.0_25-b17
Jun 12, 2016 4:15:36 PM org.apache.catalina.startup.VersionLoggerListener log
INFO: JVM Vendor:            Oracle Corporation
Jun 12, 2016 4:15:36 PM org.apache.catalina.startup.VersionLoggerListener log
INFO: CATALINA_BASE:         /Users/Vaibhav/MyHome/workme/repos/kanyakubja/tomcat
Jun 12, 2016 4:15:36 PM org.apache.catalina.startup.VersionLoggerListener log
INFO: CATALINA_HOME:         /Users/Vaibhav/MyHome/workme/repos/kanyakubja/tomcat
Jun 12, 2016 4:15:36 PM org.apache.catalina.startup.VersionLoggerListener log
INFO: Command line argument: -Djava.util.logging.config.file=/Users/Vaibhav/MyHome/workme/repos/kanyakubja/tomcat/conf/logging.properties
Jun 12, 2016 4:15:36 PM org.apache.catalina.startup.VersionLoggerListener log
INFO: Command line argument: -Djava.util.logging.manager=org.apache.juli.ClassLoaderLogManager
Jun 12, 2016 4:15:36 PM org.apache.catalina.startup.VersionLoggerListener log
INFO: Command line argument: -Djava.endorsed.dirs=/Users/Vaibhav/MyHome/workme/repos/kanyakubja/tomcat/endorsed
Jun 12, 2016 4:15:36 PM org.apache.catalina.startup.VersionLoggerListener log
INFO: Command line argument: -Dcatalina.base=/Users/Vaibhav/MyHome/workme/repos/kanyakubja/tomcat
Jun 12, 2016 4:15:36 PM org.apache.catalina.startup.VersionLoggerListener log
INFO: Command line argument: -Dcatalina.home=/Users/Vaibhav/MyHome/workme/repos/kanyakubja/tomcat
Jun 12, 2016 4:15:36 PM org.apache.catalina.startup.VersionLoggerListener log
INFO: Command line argument: -Djava.io.tmpdir=/Users/Vaibhav/MyHome/workme/repos/kanyakubja/tomcat/temp
Jun 12, 2016 4:15:36 PM org.apache.catalina.core.AprLifecycleListener lifecycleEvent
INFO: The APR based Apache Tomcat Native library which allows optimal performance in production environments was not found on the java.library.path: /Users/Vaibhav/Library/Java/Extensions:/Library/Java/Extensions:/Network/Library/Java/Extensions:/System/Library/Java/Extensions:/usr/lib/java:.
Jun 12, 2016 4:15:36 PM org.apache.coyote.AbstractProtocol init
INFO: Initializing ProtocolHandler ["http-bio-8080"]
Jun 12, 2016 4:15:36 PM org.apache.coyote.AbstractProtocol init
INFO: Initializing ProtocolHandler ["ajp-bio-8009"]
Jun 12, 2016 4:15:36 PM org.apache.catalina.startup.Catalina load
INFO: Initialization processed in 521 ms
Jun 12, 2016 4:15:36 PM org.apache.catalina.core.StandardService startInternal
INFO: Starting service Catalina
Jun 12, 2016 4:15:36 PM org.apache.catalina.core.StandardEngine startInternal
INFO: Starting Servlet Engine: Apache Tomcat/7.0.57
Jun 12, 2016 4:15:36 PM org.apache.catalina.startup.HostConfig deployDirectory
INFO: Deploying web application directory /Users/Vaibhav/MyHome/workme/repos/kanyakubja/tomcat/webapps/docs
Jun 12, 2016 4:15:36 PM org.apache.catalina.startup.HostConfig deployDirectory
INFO: Deployment of web application directory /Users/Vaibhav/MyHome/workme/repos/kanyakubja/tomcat/webapps/docs has finished in 289 ms
Jun 12, 2016 4:15:36 PM org.apache.catalina.startup.HostConfig deployDirectory
INFO: Deploying web application directory /Users/Vaibhav/MyHome/workme/repos/kanyakubja/tomcat/webapps/examples
Jun 12, 2016 4:15:36 PM org.apache.catalina.startup.HostConfig deployDirectory
INFO: Deployment of web application directory /Users/Vaibhav/MyHome/workme/repos/kanyakubja/tomcat/webapps/examples has finished in 283 ms
Jun 12, 2016 4:15:36 PM org.apache.catalina.startup.HostConfig deployDirectory
INFO: Deploying web application directory /Users/Vaibhav/MyHome/workme/repos/kanyakubja/tomcat/webapps/host-manager
Jun 12, 2016 4:15:37 PM org.apache.catalina.startup.HostConfig deployDirectory
INFO: Deployment of web application directory /Users/Vaibhav/MyHome/workme/repos/kanyakubja/tomcat/webapps/host-manager has finished in 54 ms
Jun 12, 2016 4:15:37 PM org.apache.catalina.startup.HostConfig deployDirectory
INFO: Deploying web application directory /Users/Vaibhav/MyHome/workme/repos/kanyakubja/tomcat/webapps/manager
Jun 12, 2016 4:15:37 PM org.apache.catalina.startup.HostConfig deployDirectory
INFO: Deployment of web application directory /Users/Vaibhav/MyHome/workme/repos/kanyakubja/tomcat/webapps/manager has finished in 48 ms
Jun 12, 2016 4:15:37 PM org.apache.catalina.startup.HostConfig deployDirectory
INFO: Deploying web application directory /Users/Vaibhav/MyHome/workme/repos/kanyakubja/tomcat/webapps/ROOT
Jun 12, 2016 4:15:37 PM org.apache.catalina.startup.HostConfig deployDirectory
INFO: Deployment of web application directory /Users/Vaibhav/MyHome/workme/repos/kanyakubja/tomcat/webapps/ROOT has finished in 58 ms
Jun 12, 2016 4:15:37 PM org.apache.coyote.AbstractProtocol start
INFO: Starting ProtocolHandler ["http-bio-8080"]
Jun 12, 2016 4:15:37 PM org.apache.coyote.AbstractProtocol start
INFO: Starting ProtocolHandler ["ajp-bio-8009"]
Jun 12, 2016 4:15:37 PM org.apache.catalina.startup.Catalina start
INFO: Server startup in 829 ms
Jun 12, 2016 4:17:12 PM org.apache.catalina.startup.HostConfig deployDescriptor
INFO: Deploying configuration descriptor /Users/Vaibhav/MyHome/workme/repos/kanyakubja/tomcat/conf/Catalina/localhost/kanyakubja-portal.xml
Jun 12, 2016 4:17:12 PM org.apache.catalina.startup.HostConfig deployDescriptor
INFO: Deployment of configuration descriptor /Users/Vaibhav/MyHome/workme/repos/kanyakubja/tomcat/conf/Catalina/localhost/kanyakubja-portal.xml has finished in 160 ms
Jun 12, 2016 4:17:12 PM org.apache.catalina.util.LifecycleBase start
INFO: The start() method was called on component [StandardEngine[Catalina].StandardHost[localhost].StandardContext[/kanyakubja-portal]] after start() had already been called. The second call will be ignored.
Jun 12, 2016 4:21:27 PM org.apache.catalina.startup.HostConfig undeploy
INFO: Undeploying context [/kanyakubja-portal]
Jun 12, 2016 4:21:27 PM org.apache.catalina.startup.HostConfig deployDescriptor
INFO: Deploying configuration descriptor /Users/Vaibhav/MyHome/workme/repos/kanyakubja/tomcat/conf/Catalina/localhost/kanyakubja-portal.xml
Jun 12, 2016 4:21:27 PM org.apache.catalina.core.StandardContext resourcesStart
SEVERE: Error starting static Resources
java.lang.IllegalArgumentException: Document base /Users/Vaibhav/MyHome/workme/repos/kanyakubja/tomcat/webapps/../../../../kanyakubja-portal/build/web does not exist or is not a readable directory
	at org.apache.naming.resources.FileDirContext.setDocBase(FileDirContext.java:136)
	at org.apache.catalina.core.StandardContext.resourcesStart(StandardContext.java:5110)
	at org.apache.catalina.core.StandardContext.startInternal(StandardContext.java:5294)
	at org.apache.catalina.util.LifecycleBase.start(LifecycleBase.java:150)
	at org.apache.catalina.core.ContainerBase.addChildInternal(ContainerBase.java:901)
	at org.apache.catalina.core.ContainerBase.addChild(ContainerBase.java:877)
	at org.apache.catalina.core.StandardHost.addChild(StandardHost.java:649)
	at org.apache.catalina.startup.HostConfig.deployDescriptor(HostConfig.java:672)
	at org.apache.catalina.startup.HostConfig$DeployDescriptor.run(HostConfig.java:1859)
	at java.util.concurrent.Executors$RunnableAdapter.call(Executors.java:511)
	at java.util.concurrent.FutureTask.run(FutureTask.java:266)
	at java.util.concurrent.ThreadPoolExecutor.runWorker(ThreadPoolExecutor.java:1142)
	at java.util.concurrent.ThreadPoolExecutor$Worker.run(ThreadPoolExecutor.java:617)
	at java.lang.Thread.run(Thread.java:745)

Jun 12, 2016 4:21:27 PM org.apache.catalina.core.ContainerBase addChildInternal
SEVERE: ContainerBase.addChild: start: 
org.apache.catalina.LifecycleException: Failed to start component [StandardEngine[Catalina].StandardHost[localhost].StandardContext[/kanyakubja-portal]]
	at org.apache.catalina.util.LifecycleBase.start(LifecycleBase.java:154)
	at org.apache.catalina.core.ContainerBase.addChildInternal(ContainerBase.java:901)
	at org.apache.catalina.core.ContainerBase.addChild(ContainerBase.java:877)
	at org.apache.catalina.core.StandardHost.addChild(StandardHost.java:649)
	at org.apache.catalina.startup.HostConfig.deployDescriptor(HostConfig.java:672)
	at org.apache.catalina.startup.HostConfig$DeployDescriptor.run(HostConfig.java:1859)
	at java.util.concurrent.Executors$RunnableAdapter.call(Executors.java:511)
	at java.util.concurrent.FutureTask.run(FutureTask.java:266)
	at java.util.concurrent.ThreadPoolExecutor.runWorker(ThreadPoolExecutor.java:1142)
	at java.util.concurrent.ThreadPoolExecutor$Worker.run(ThreadPoolExecutor.java:617)
	at java.lang.Thread.run(Thread.java:745)
Caused by: org.apache.catalina.LifecycleException: Error in resourceStart()
	at org.apache.catalina.core.StandardContext.startInternal(StandardContext.java:5295)
	at org.apache.catalina.util.LifecycleBase.start(LifecycleBase.java:150)
	... 10 more

Jun 12, 2016 4:21:27 PM org.apache.catalina.startup.HostConfig deployDescriptor
SEVERE: Error deploying configuration descriptor /Users/Vaibhav/MyHome/workme/repos/kanyakubja/tomcat/conf/Catalina/localhost/kanyakubja-portal.xml
java.lang.IllegalStateException: ContainerBase.addChild: start: org.apache.catalina.LifecycleException: Failed to start component [StandardEngine[Catalina].StandardHost[localhost].StandardContext[/kanyakubja-portal]]
	at org.apache.catalina.core.ContainerBase.addChildInternal(ContainerBase.java:904)
	at org.apache.catalina.core.ContainerBase.addChild(ContainerBase.java:877)
	at org.apache.catalina.core.StandardHost.addChild(StandardHost.java:649)
	at org.apache.catalina.startup.HostConfig.deployDescriptor(HostConfig.java:672)
	at org.apache.catalina.startup.HostConfig$DeployDescriptor.run(HostConfig.java:1859)
	at java.util.concurrent.Executors$RunnableAdapter.call(Executors.java:511)
	at java.util.concurrent.FutureTask.run(FutureTask.java:266)
	at java.util.concurrent.ThreadPoolExecutor.runWorker(ThreadPoolExecutor.java:1142)
	at java.util.concurrent.ThreadPoolExecutor$Worker.run(ThreadPoolExecutor.java:617)
	at java.lang.Thread.run(Thread.java:745)

Jun 12, 2016 4:21:27 PM org.apache.catalina.startup.HostConfig deployDescriptor
INFO: Deployment of configuration descriptor /Users/Vaibhav/MyHome/workme/repos/kanyakubja/tomcat/conf/Catalina/localhost/kanyakubja-portal.xml has finished in 6 ms
Jun 12, 2016 4:21:54 PM org.apache.catalina.startup.HostConfig undeploy
INFO: Undeploying context [/kanyakubja-portal]
Jun 12, 2016 4:21:54 PM org.apache.catalina.startup.HostConfig deployDescriptor
INFO: Deploying configuration descriptor /Users/Vaibhav/MyHome/workme/repos/kanyakubja/tomcat/conf/Catalina/localhost/kanyakubja-portal.xml
Jun 12, 2016 4:21:54 PM org.apache.catalina.startup.HostConfig deployDescriptor
INFO: Deployment of configuration descriptor /Users/Vaibhav/MyHome/workme/repos/kanyakubja/tomcat/conf/Catalina/localhost/kanyakubja-portal.xml has finished in 102 ms
Jun 12, 2016 4:21:54 PM org.apache.catalina.util.LifecycleBase start
INFO: The start() method was called on component [StandardEngine[Catalina].StandardHost[localhost].StandardContext[/kanyakubja-portal]] after start() had already been called. The second call will be ignored.
Jun 12, 2016 4:23:47 PM org.apache.catalina.startup.HostConfig undeploy
INFO: Undeploying context [/kanyakubja-portal]
Jun 12, 2016 4:23:47 PM org.apache.catalina.startup.HostConfig deployDescriptor
INFO: Deploying configuration descriptor /Users/Vaibhav/MyHome/workme/repos/kanyakubja/tomcat/conf/Catalina/localhost/kanyakubja-portal.xml
Jun 12, 2016 4:23:47 PM org.apache.catalina.core.StandardContext resourcesStart
SEVERE: Error starting static Resources
java.lang.IllegalArgumentException: Document base /Users/Vaibhav/MyHome/workme/repos/kanyakubja/tomcat/webapps/../../../../kanyakubja-portal/build/web does not exist or is not a readable directory
	at org.apache.naming.resources.FileDirContext.setDocBase(FileDirContext.java:136)
	at org.apache.catalina.core.StandardContext.resourcesStart(StandardContext.java:5110)
	at org.apache.catalina.core.StandardContext.startInternal(StandardContext.java:5294)
	at org.apache.catalina.util.LifecycleBase.start(LifecycleBase.java:150)
	at org.apache.catalina.core.ContainerBase.addChildInternal(ContainerBase.java:901)
	at org.apache.catalina.core.ContainerBase.addChild(ContainerBase.java:877)
	at org.apache.catalina.core.StandardHost.addChild(StandardHost.java:649)
	at org.apache.catalina.startup.HostConfig.deployDescriptor(HostConfig.java:672)
	at org.apache.catalina.startup.HostConfig$DeployDescriptor.run(HostConfig.java:1859)
	at java.util.concurrent.Executors$RunnableAdapter.call(Executors.java:511)
	at java.util.concurrent.FutureTask.run(FutureTask.java:266)
	at java.util.concurrent.ThreadPoolExecutor.runWorker(ThreadPoolExecutor.java:1142)
	at java.util.concurrent.ThreadPoolExecutor$Worker.run(ThreadPoolExecutor.java:617)
	at java.lang.Thread.run(Thread.java:745)

Jun 12, 2016 4:23:47 PM org.apache.catalina.core.ContainerBase addChildInternal
SEVERE: ContainerBase.addChild: start: 
org.apache.catalina.LifecycleException: Failed to start component [StandardEngine[Catalina].StandardHost[localhost].StandardContext[/kanyakubja-portal]]
	at org.apache.catalina.util.LifecycleBase.start(LifecycleBase.java:154)
	at org.apache.catalina.core.ContainerBase.addChildInternal(ContainerBase.java:901)
	at org.apache.catalina.core.ContainerBase.addChild(ContainerBase.java:877)
	at org.apache.catalina.core.StandardHost.addChild(StandardHost.java:649)
	at org.apache.catalina.startup.HostConfig.deployDescriptor(HostConfig.java:672)
	at org.apache.catalina.startup.HostConfig$DeployDescriptor.run(HostConfig.java:1859)
	at java.util.concurrent.Executors$RunnableAdapter.call(Executors.java:511)
	at java.util.concurrent.FutureTask.run(FutureTask.java:266)
	at java.util.concurrent.ThreadPoolExecutor.runWorker(ThreadPoolExecutor.java:1142)
	at java.util.concurrent.ThreadPoolExecutor$Worker.run(ThreadPoolExecutor.java:617)
	at java.lang.Thread.run(Thread.java:745)
Caused by: org.apache.catalina.LifecycleException: Error in resourceStart()
	at org.apache.catalina.core.StandardContext.startInternal(StandardContext.java:5295)
	at org.apache.catalina.util.LifecycleBase.start(LifecycleBase.java:150)
	... 10 more

Jun 12, 2016 4:23:47 PM org.apache.catalina.startup.HostConfig deployDescriptor
SEVERE: Error deploying configuration descriptor /Users/Vaibhav/MyHome/workme/repos/kanyakubja/tomcat/conf/Catalina/localhost/kanyakubja-portal.xml
java.lang.IllegalStateException: ContainerBase.addChild: start: org.apache.catalina.LifecycleException: Failed to start component [StandardEngine[Catalina].StandardHost[localhost].StandardContext[/kanyakubja-portal]]
	at org.apache.catalina.core.ContainerBase.addChildInternal(ContainerBase.java:904)
	at org.apache.catalina.core.ContainerBase.addChild(ContainerBase.java:877)
	at org.apache.catalina.core.StandardHost.addChild(StandardHost.java:649)
	at org.apache.catalina.startup.HostConfig.deployDescriptor(HostConfig.java:672)
	at org.apache.catalina.startup.HostConfig$DeployDescriptor.run(HostConfig.java:1859)
	at java.util.concurrent.Executors$RunnableAdapter.call(Executors.java:511)
	at java.util.concurrent.FutureTask.run(FutureTask.java:266)
	at java.util.concurrent.ThreadPoolExecutor.runWorker(ThreadPoolExecutor.java:1142)
	at java.util.concurrent.ThreadPoolExecutor$Worker.run(ThreadPoolExecutor.java:617)
	at java.lang.Thread.run(Thread.java:745)

Jun 12, 2016 4:23:47 PM org.apache.catalina.startup.HostConfig deployDescriptor
INFO: Deployment of configuration descriptor /Users/Vaibhav/MyHome/workme/repos/kanyakubja/tomcat/conf/Catalina/localhost/kanyakubja-portal.xml has finished in 6 ms
Jun 12, 2016 4:24:27 PM org.apache.catalina.startup.HostConfig undeploy
INFO: Undeploying context [/kanyakubja-portal]
Jun 12, 2016 4:25:47 PM org.apache.catalina.startup.HostConfig deployDescriptor
INFO: Deploying configuration descriptor /Users/Vaibhav/MyHome/workme/repos/kanyakubja/tomcat/conf/Catalina/localhost/kanyakubja-portal.xml
Jun 12, 2016 4:25:47 PM org.apache.catalina.startup.HostConfig deployDescriptor
INFO: Deployment of configuration descriptor /Users/Vaibhav/MyHome/workme/repos/kanyakubja/tomcat/conf/Catalina/localhost/kanyakubja-portal.xml has finished in 102 ms
Jun 12, 2016 4:25:47 PM org.apache.catalina.util.LifecycleBase start
INFO: The start() method was called on component [StandardEngine[Catalina].StandardHost[localhost].StandardContext[/kanyakubja-portal]] after start() had already been called. The second call will be ignored.
Jun 12, 2016 4:27:18 PM org.apache.catalina.startup.HostConfig undeploy
INFO: Undeploying context [/kanyakubja-portal]
Jun 12, 2016 4:27:51 PM org.apache.tomcat.util.digester.SetPropertiesRule begin
WARNING: [SetPropertiesRule]{Server/Service/Engine/Host/Context} Setting property 'debug' to '0' did not find a matching property.
Jun 12, 2016 4:27:51 PM org.apache.tomcat.util.digester.SetPropertiesRule begin
WARNING: [SetPropertiesRule]{Server/Service/Engine/Host/Context} Setting property 'disableURLRewriting' to 'true' did not find a matching property.
Jun 12, 2016 4:27:51 PM org.apache.catalina.startup.VersionLoggerListener log
INFO: Server version:        Apache Tomcat/7.0.57
Jun 12, 2016 4:27:51 PM org.apache.catalina.startup.VersionLoggerListener log
INFO: Server built:          Nov 3 2014 08:39:16 UTC
Jun 12, 2016 4:27:51 PM org.apache.catalina.startup.VersionLoggerListener log
INFO: Server number:         7.0.57.0
Jun 12, 2016 4:27:51 PM org.apache.catalina.startup.VersionLoggerListener log
INFO: OS Name:               Mac OS X
Jun 12, 2016 4:27:51 PM org.apache.catalina.startup.VersionLoggerListener log
INFO: OS Version:            10.11.5
Jun 12, 2016 4:27:51 PM org.apache.catalina.startup.VersionLoggerListener log
INFO: Architecture:          x86_64
Jun 12, 2016 4:27:51 PM org.apache.catalina.startup.VersionLoggerListener log
INFO: JAVA_HOME:             /Library/Java/JavaVirtualMachines/jdk1.8.0_25.jdk/Contents/Home/jre
Jun 12, 2016 4:27:51 PM org.apache.catalina.startup.VersionLoggerListener log
INFO: JVM Version:           1.8.0_25-b17
Jun 12, 2016 4:27:51 PM org.apache.catalina.startup.VersionLoggerListener log
INFO: JVM Vendor:            Oracle Corporation
Jun 12, 2016 4:27:51 PM org.apache.catalina.startup.VersionLoggerListener log
INFO: CATALINA_BASE:         /Users/Vaibhav/MyHome/workme/repos/kanyakubja/tomcat
Jun 12, 2016 4:27:51 PM org.apache.catalina.startup.VersionLoggerListener log
INFO: CATALINA_HOME:         /Users/Vaibhav/MyHome/workme/repos/kanyakubja/tomcat
Jun 12, 2016 4:27:51 PM org.apache.catalina.startup.VersionLoggerListener log
INFO: Command line argument: -Djava.util.logging.config.file=/Users/Vaibhav/MyHome/workme/repos/kanyakubja/tomcat/conf/logging.properties
Jun 12, 2016 4:27:51 PM org.apache.catalina.startup.VersionLoggerListener log
INFO: Command line argument: -Djava.util.logging.manager=org.apache.juli.ClassLoaderLogManager
Jun 12, 2016 4:27:51 PM org.apache.catalina.startup.VersionLoggerListener log
INFO: Command line argument: -Djava.endorsed.dirs=/Users/Vaibhav/MyHome/workme/repos/kanyakubja/tomcat/endorsed
Jun 12, 2016 4:27:51 PM org.apache.catalina.startup.VersionLoggerListener log
INFO: Command line argument: -Dcatalina.base=/Users/Vaibhav/MyHome/workme/repos/kanyakubja/tomcat
Jun 12, 2016 4:27:51 PM org.apache.catalina.startup.VersionLoggerListener log
INFO: Command line argument: -Dcatalina.home=/Users/Vaibhav/MyHome/workme/repos/kanyakubja/tomcat
Jun 12, 2016 4:27:51 PM org.apache.catalina.startup.VersionLoggerListener log
INFO: Command line argument: -Djava.io.tmpdir=/Users/Vaibhav/MyHome/workme/repos/kanyakubja/tomcat/temp
Jun 12, 2016 4:27:51 PM org.apache.catalina.core.AprLifecycleListener lifecycleEvent
INFO: The APR based Apache Tomcat Native library which allows optimal performance in production environments was not found on the java.library.path: /Users/Vaibhav/Library/Java/Extensions:/Library/Java/Extensions:/Network/Library/Java/Extensions:/System/Library/Java/Extensions:/usr/lib/java:.
Jun 12, 2016 4:27:52 PM org.apache.coyote.AbstractProtocol init
INFO: Initializing ProtocolHandler ["http-bio-8080"]
Jun 12, 2016 4:27:52 PM org.apache.coyote.AbstractProtocol init
SEVERE: Failed to initialize end point associated with ProtocolHandler ["http-bio-8080"]
java.net.BindException: Address already in use <null>:8080
	at org.apache.tomcat.util.net.JIoEndpoint.bind(JIoEndpoint.java:411)
	at org.apache.tomcat.util.net.AbstractEndpoint.init(AbstractEndpoint.java:646)
	at org.apache.coyote.AbstractProtocol.init(AbstractProtocol.java:434)
	at org.apache.coyote.http11.AbstractHttp11JsseProtocol.init(AbstractHttp11JsseProtocol.java:119)
	at org.apache.catalina.connector.Connector.initInternal(Connector.java:978)
	at org.apache.catalina.util.LifecycleBase.init(LifecycleBase.java:102)
	at org.apache.catalina.core.StandardService.initInternal(StandardService.java:559)
	at org.apache.catalina.util.LifecycleBase.init(LifecycleBase.java:102)
	at org.apache.catalina.core.StandardServer.initInternal(StandardServer.java:821)
	at org.apache.catalina.util.LifecycleBase.init(LifecycleBase.java:102)
	at org.apache.catalina.startup.Catalina.load(Catalina.java:638)
	at org.apache.catalina.startup.Catalina.load(Catalina.java:663)
	at sun.reflect.NativeMethodAccessorImpl.invoke0(Native Method)
	at sun.reflect.NativeMethodAccessorImpl.invoke(NativeMethodAccessorImpl.java:62)
	at sun.reflect.DelegatingMethodAccessorImpl.invoke(DelegatingMethodAccessorImpl.java:43)
	at java.lang.reflect.Method.invoke(Method.java:483)
	at org.apache.catalina.startup.Bootstrap.load(Bootstrap.java:280)
	at org.apache.catalina.startup.Bootstrap.main(Bootstrap.java:454)
Caused by: java.net.BindException: Address already in use
	at java.net.PlainSocketImpl.socketBind(Native Method)
	at java.net.AbstractPlainSocketImpl.bind(AbstractPlainSocketImpl.java:382)
	at java.net.ServerSocket.bind(ServerSocket.java:375)
	at java.net.ServerSocket.<init>(ServerSocket.java:237)
	at java.net.ServerSocket.<init>(ServerSocket.java:181)
	at org.apache.tomcat.util.net.DefaultServerSocketFactory.createSocket(DefaultServerSocketFactory.java:49)
	at org.apache.tomcat.util.net.JIoEndpoint.bind(JIoEndpoint.java:398)
	... 17 more

Jun 12, 2016 4:27:52 PM org.apache.catalina.core.StandardService initInternal
SEVERE: Failed to initialize connector [Connector[HTTP/1.1-8080]]
org.apache.catalina.LifecycleException: Failed to initialize component [Connector[HTTP/1.1-8080]]
	at org.apache.catalina.util.LifecycleBase.init(LifecycleBase.java:106)
	at org.apache.catalina.core.StandardService.initInternal(StandardService.java:559)
	at org.apache.catalina.util.LifecycleBase.init(LifecycleBase.java:102)
	at org.apache.catalina.core.StandardServer.initInternal(StandardServer.java:821)
	at org.apache.catalina.util.LifecycleBase.init(LifecycleBase.java:102)
	at org.apache.catalina.startup.Catalina.load(Catalina.java:638)
	at org.apache.catalina.startup.Catalina.load(Catalina.java:663)
	at sun.reflect.NativeMethodAccessorImpl.invoke0(Native Method)
	at sun.reflect.NativeMethodAccessorImpl.invoke(NativeMethodAccessorImpl.java:62)
	at sun.reflect.DelegatingMethodAccessorImpl.invoke(DelegatingMethodAccessorImpl.java:43)
	at java.lang.reflect.Method.invoke(Method.java:483)
	at org.apache.catalina.startup.Bootstrap.load(Bootstrap.java:280)
	at org.apache.catalina.startup.Bootstrap.main(Bootstrap.java:454)
Caused by: org.apache.catalina.LifecycleException: Protocol handler initialization failed
	at org.apache.catalina.connector.Connector.initInternal(Connector.java:980)
	at org.apache.catalina.util.LifecycleBase.init(LifecycleBase.java:102)
	... 12 more
Caused by: java.net.BindException: Address already in use <null>:8080
	at org.apache.tomcat.util.net.JIoEndpoint.bind(JIoEndpoint.java:411)
	at org.apache.tomcat.util.net.AbstractEndpoint.init(AbstractEndpoint.java:646)
	at org.apache.coyote.AbstractProtocol.init(AbstractProtocol.java:434)
	at org.apache.coyote.http11.AbstractHttp11JsseProtocol.init(AbstractHttp11JsseProtocol.java:119)
	at org.apache.catalina.connector.Connector.initInternal(Connector.java:978)
	... 13 more
Caused by: java.net.BindException: Address already in use
	at java.net.PlainSocketImpl.socketBind(Native Method)
	at java.net.AbstractPlainSocketImpl.bind(AbstractPlainSocketImpl.java:382)
	at java.net.ServerSocket.bind(ServerSocket.java:375)
	at java.net.ServerSocket.<init>(ServerSocket.java:237)
	at java.net.ServerSocket.<init>(ServerSocket.java:181)
	at org.apache.tomcat.util.net.DefaultServerSocketFactory.createSocket(DefaultServerSocketFactory.java:49)
	at org.apache.tomcat.util.net.JIoEndpoint.bind(JIoEndpoint.java:398)
	... 17 more

Jun 12, 2016 4:27:52 PM org.apache.coyote.AbstractProtocol init
INFO: Initializing ProtocolHandler ["ajp-bio-8009"]
Jun 12, 2016 4:27:52 PM org.apache.coyote.AbstractProtocol init
SEVERE: Failed to initialize end point associated with ProtocolHandler ["ajp-bio-8009"]
java.net.BindException: Address already in use <null>:8009
	at org.apache.tomcat.util.net.JIoEndpoint.bind(JIoEndpoint.java:411)
	at org.apache.tomcat.util.net.AbstractEndpoint.init(AbstractEndpoint.java:646)
	at org.apache.coyote.AbstractProtocol.init(AbstractProtocol.java:434)
	at org.apache.catalina.connector.Connector.initInternal(Connector.java:978)
	at org.apache.catalina.util.LifecycleBase.init(LifecycleBase.java:102)
	at org.apache.catalina.core.StandardService.initInternal(StandardService.java:559)
	at org.apache.catalina.util.LifecycleBase.init(LifecycleBase.java:102)
	at org.apache.catalina.core.StandardServer.initInternal(StandardServer.java:821)
	at org.apache.catalina.util.LifecycleBase.init(LifecycleBase.java:102)
	at org.apache.catalina.startup.Catalina.load(Catalina.java:638)
	at org.apache.catalina.startup.Catalina.load(Catalina.java:663)
	at sun.reflect.NativeMethodAccessorImpl.invoke0(Native Method)
	at sun.reflect.NativeMethodAccessorImpl.invoke(NativeMethodAccessorImpl.java:62)
	at sun.reflect.DelegatingMethodAccessorImpl.invoke(DelegatingMethodAccessorImpl.java:43)
	at java.lang.reflect.Method.invoke(Method.java:483)
	at org.apache.catalina.startup.Bootstrap.load(Bootstrap.java:280)
	at org.apache.catalina.startup.Bootstrap.main(Bootstrap.java:454)
Caused by: java.net.BindException: Address already in use
	at java.net.PlainSocketImpl.socketBind(Native Method)
	at java.net.AbstractPlainSocketImpl.bind(AbstractPlainSocketImpl.java:382)
	at java.net.ServerSocket.bind(ServerSocket.java:375)
	at java.net.ServerSocket.<init>(ServerSocket.java:237)
	at java.net.ServerSocket.<init>(ServerSocket.java:181)
	at org.apache.tomcat.util.net.DefaultServerSocketFactory.createSocket(DefaultServerSocketFactory.java:49)
	at org.apache.tomcat.util.net.JIoEndpoint.bind(JIoEndpoint.java:398)
	... 16 more

Jun 12, 2016 4:27:52 PM org.apache.catalina.core.StandardService initInternal
SEVERE: Failed to initialize connector [Connector[AJP/1.3-8009]]
org.apache.catalina.LifecycleException: Failed to initialize component [Connector[AJP/1.3-8009]]
	at org.apache.catalina.util.LifecycleBase.init(LifecycleBase.java:106)
	at org.apache.catalina.core.StandardService.initInternal(StandardService.java:559)
	at org.apache.catalina.util.LifecycleBase.init(LifecycleBase.java:102)
	at org.apache.catalina.core.StandardServer.initInternal(StandardServer.java:821)
	at org.apache.catalina.util.LifecycleBase.init(LifecycleBase.java:102)
	at org.apache.catalina.startup.Catalina.load(Catalina.java:638)
	at org.apache.catalina.startup.Catalina.load(Catalina.java:663)
	at sun.reflect.NativeMethodAccessorImpl.invoke0(Native Method)
	at sun.reflect.NativeMethodAccessorImpl.invoke(NativeMethodAccessorImpl.java:62)
	at sun.reflect.DelegatingMethodAccessorImpl.invoke(DelegatingMethodAccessorImpl.java:43)
	at java.lang.reflect.Method.invoke(Method.java:483)
	at org.apache.catalina.startup.Bootstrap.load(Bootstrap.java:280)
	at org.apache.catalina.startup.Bootstrap.main(Bootstrap.java:454)
Caused by: org.apache.catalina.LifecycleException: Protocol handler initialization failed
	at org.apache.catalina.connector.Connector.initInternal(Connector.java:980)
	at org.apache.catalina.util.LifecycleBase.init(LifecycleBase.java:102)
	... 12 more
Caused by: java.net.BindException: Address already in use <null>:8009
	at org.apache.tomcat.util.net.JIoEndpoint.bind(JIoEndpoint.java:411)
	at org.apache.tomcat.util.net.AbstractEndpoint.init(AbstractEndpoint.java:646)
	at org.apache.coyote.AbstractProtocol.init(AbstractProtocol.java:434)
	at org.apache.catalina.connector.Connector.initInternal(Connector.java:978)
	... 13 more
Caused by: java.net.BindException: Address already in use
	at java.net.PlainSocketImpl.socketBind(Native Method)
	at java.net.AbstractPlainSocketImpl.bind(AbstractPlainSocketImpl.java:382)
	at java.net.ServerSocket.bind(ServerSocket.java:375)
	at java.net.ServerSocket.<init>(ServerSocket.java:237)
	at java.net.ServerSocket.<init>(ServerSocket.java:181)
	at org.apache.tomcat.util.net.DefaultServerSocketFactory.createSocket(DefaultServerSocketFactory.java:49)
	at org.apache.tomcat.util.net.JIoEndpoint.bind(JIoEndpoint.java:398)
	... 16 more

Jun 12, 2016 4:27:52 PM org.apache.catalina.startup.Catalina load
INFO: Initialization processed in 587 ms
Jun 12, 2016 4:27:52 PM org.apache.catalina.core.StandardService startInternal
INFO: Starting service Catalina
Jun 12, 2016 4:27:52 PM org.apache.catalina.core.StandardEngine startInternal
INFO: Starting Servlet Engine: Apache Tomcat/7.0.57
Jun 12, 2016 4:27:52 PM org.apache.catalina.core.StandardContext resourcesStart
SEVERE: Error starting static Resources
java.lang.IllegalArgumentException: Document base /Users/Vaibhav/MyHome/workme/repos/kanyakubja/tomcat/webapps/../../kanyakubja/KanyakubjaPortal/web does not exist or is not a readable directory
	at org.apache.naming.resources.FileDirContext.setDocBase(FileDirContext.java:136)
	at org.apache.catalina.core.StandardContext.resourcesStart(StandardContext.java:5110)
	at org.apache.catalina.core.StandardContext.startInternal(StandardContext.java:5294)
	at org.apache.catalina.util.LifecycleBase.start(LifecycleBase.java:150)
	at org.apache.catalina.core.ContainerBase$StartChild.call(ContainerBase.java:1575)
	at org.apache.catalina.core.ContainerBase$StartChild.call(ContainerBase.java:1565)
	at java.util.concurrent.FutureTask.run(FutureTask.java:266)
	at java.util.concurrent.ThreadPoolExecutor.runWorker(ThreadPoolExecutor.java:1142)
	at java.util.concurrent.ThreadPoolExecutor$Worker.run(ThreadPoolExecutor.java:617)
	at java.lang.Thread.run(Thread.java:745)

Jun 12, 2016 4:27:52 PM org.apache.catalina.core.ContainerBase startInternal
SEVERE: A child container failed during start
java.util.concurrent.ExecutionException: org.apache.catalina.LifecycleException: Failed to start component [StandardEngine[Catalina].StandardHost[localhost].StandardContext[/]]
	at java.util.concurrent.FutureTask.report(FutureTask.java:122)
	at java.util.concurrent.FutureTask.get(FutureTask.java:192)
	at org.apache.catalina.core.ContainerBase.startInternal(ContainerBase.java:1123)
	at org.apache.catalina.core.StandardHost.startInternal(StandardHost.java:816)
	at org.apache.catalina.util.LifecycleBase.start(LifecycleBase.java:150)
	at org.apache.catalina.core.ContainerBase$StartChild.call(ContainerBase.java:1575)
	at org.apache.catalina.core.ContainerBase$StartChild.call(ContainerBase.java:1565)
	at java.util.concurrent.FutureTask.run(FutureTask.java:266)
	at java.util.concurrent.ThreadPoolExecutor.runWorker(ThreadPoolExecutor.java:1142)
	at java.util.concurrent.ThreadPoolExecutor$Worker.run(ThreadPoolExecutor.java:617)
	at java.lang.Thread.run(Thread.java:745)
Caused by: org.apache.catalina.LifecycleException: Failed to start component [StandardEngine[Catalina].StandardHost[localhost].StandardContext[/]]
	at org.apache.catalina.util.LifecycleBase.start(LifecycleBase.java:154)
	... 6 more
Caused by: org.apache.catalina.LifecycleException: Error in resourceStart()
	at org.apache.catalina.core.StandardContext.startInternal(StandardContext.java:5295)
	at org.apache.catalina.util.LifecycleBase.start(LifecycleBase.java:150)
	... 6 more

Jun 12, 2016 4:27:52 PM org.apache.catalina.core.ContainerBase startInternal
SEVERE: A child container failed during start
java.util.concurrent.ExecutionException: org.apache.catalina.LifecycleException: Failed to start component [StandardEngine[Catalina].StandardHost[localhost]]
	at java.util.concurrent.FutureTask.report(FutureTask.java:122)
	at java.util.concurrent.FutureTask.get(FutureTask.java:192)
	at org.apache.catalina.core.ContainerBase.startInternal(ContainerBase.java:1123)
	at org.apache.catalina.core.StandardEngine.startInternal(StandardEngine.java:300)
	at org.apache.catalina.util.LifecycleBase.start(LifecycleBase.java:150)
	at org.apache.catalina.core.StandardService.startInternal(StandardService.java:443)
	at org.apache.catalina.util.LifecycleBase.start(LifecycleBase.java:150)
	at org.apache.catalina.core.StandardServer.startInternal(StandardServer.java:739)
	at org.apache.catalina.util.LifecycleBase.start(LifecycleBase.java:150)
	at org.apache.catalina.startup.Catalina.start(Catalina.java:689)
	at sun.reflect.NativeMethodAccessorImpl.invoke0(Native Method)
	at sun.reflect.NativeMethodAccessorImpl.invoke(NativeMethodAccessorImpl.java:62)
	at sun.reflect.DelegatingMethodAccessorImpl.invoke(DelegatingMethodAccessorImpl.java:43)
	at java.lang.reflect.Method.invoke(Method.java:483)
	at org.apache.catalina.startup.Bootstrap.start(Bootstrap.java:321)
	at org.apache.catalina.startup.Bootstrap.main(Bootstrap.java:455)
Caused by: org.apache.catalina.LifecycleException: Failed to start component [StandardEngine[Catalina].StandardHost[localhost]]
	at org.apache.catalina.util.LifecycleBase.start(LifecycleBase.java:154)
	at org.apache.catalina.core.ContainerBase$StartChild.call(ContainerBase.java:1575)
	at org.apache.catalina.core.ContainerBase$StartChild.call(ContainerBase.java:1565)
	at java.util.concurrent.FutureTask.run(FutureTask.java:266)
	at java.util.concurrent.ThreadPoolExecutor.runWorker(ThreadPoolExecutor.java:1142)
	at java.util.concurrent.ThreadPoolExecutor$Worker.run(ThreadPoolExecutor.java:617)
	at java.lang.Thread.run(Thread.java:745)
Caused by: org.apache.catalina.LifecycleException: A child container failed during start
	at org.apache.catalina.core.ContainerBase.startInternal(ContainerBase.java:1131)
	at org.apache.catalina.core.StandardHost.startInternal(StandardHost.java:816)
	at org.apache.catalina.util.LifecycleBase.start(LifecycleBase.java:150)
	... 6 more

Jun 12, 2016 4:27:52 PM org.apache.catalina.startup.Catalina start
SEVERE: The required Server component failed to start so Tomcat is unable to start.
org.apache.catalina.LifecycleException: Failed to start component [StandardServer[8005]]
	at org.apache.catalina.util.LifecycleBase.start(LifecycleBase.java:154)
	at org.apache.catalina.startup.Catalina.start(Catalina.java:689)
	at sun.reflect.NativeMethodAccessorImpl.invoke0(Native Method)
	at sun.reflect.NativeMethodAccessorImpl.invoke(NativeMethodAccessorImpl.java:62)
	at sun.reflect.DelegatingMethodAccessorImpl.invoke(DelegatingMethodAccessorImpl.java:43)
	at java.lang.reflect.Method.invoke(Method.java:483)
	at org.apache.catalina.startup.Bootstrap.start(Bootstrap.java:321)
	at org.apache.catalina.startup.Bootstrap.main(Bootstrap.java:455)
Caused by: org.apache.catalina.LifecycleException: Failed to start component [StandardService[Catalina]]
	at org.apache.catalina.util.LifecycleBase.start(LifecycleBase.java:154)
	at org.apache.catalina.core.StandardServer.startInternal(StandardServer.java:739)
	at org.apache.catalina.util.LifecycleBase.start(LifecycleBase.java:150)
	... 7 more
Caused by: org.apache.catalina.LifecycleException: Failed to start component [StandardEngine[Catalina]]
	at org.apache.catalina.util.LifecycleBase.start(LifecycleBase.java:154)
	at org.apache.catalina.core.StandardService.startInternal(StandardService.java:443)
	at org.apache.catalina.util.LifecycleBase.start(LifecycleBase.java:150)
	... 9 more
Caused by: org.apache.catalina.LifecycleException: A child container failed during start
	at org.apache.catalina.core.ContainerBase.startInternal(ContainerBase.java:1131)
	at org.apache.catalina.core.StandardEngine.startInternal(StandardEngine.java:300)
	at org.apache.catalina.util.LifecycleBase.start(LifecycleBase.java:150)
	... 11 more

Jun 12, 2016 4:27:52 PM org.apache.coyote.AbstractProtocol pause
INFO: Pausing ProtocolHandler ["http-bio-8080"]
Jun 12, 2016 4:27:52 PM org.apache.coyote.AbstractProtocol pause
INFO: Pausing ProtocolHandler ["ajp-bio-8009"]
Jun 12, 2016 4:27:52 PM org.apache.catalina.core.StandardService stopInternal
INFO: Stopping service Catalina
Jun 12, 2016 4:27:52 PM org.apache.coyote.AbstractProtocol stop
INFO: Stopping ProtocolHandler ["http-bio-8080"]
Jun 12, 2016 4:27:52 PM org.apache.coyote.AbstractProtocol destroy
INFO: Destroying ProtocolHandler ["http-bio-8080"]
Jun 12, 2016 4:27:52 PM org.apache.coyote.AbstractProtocol stop
INFO: Stopping ProtocolHandler ["ajp-bio-8009"]
Jun 12, 2016 4:27:52 PM org.apache.coyote.AbstractProtocol destroy
INFO: Destroying ProtocolHandler ["ajp-bio-8009"]
Jun 12, 2016 4:29:29 PM org.apache.catalina.core.StandardServer await
INFO: A valid shutdown command was received via the shutdown port. Stopping the Server instance.
Jun 12, 2016 4:29:29 PM org.apache.coyote.AbstractProtocol pause
INFO: Pausing ProtocolHandler ["http-bio-8080"]
Jun 12, 2016 4:29:29 PM org.apache.coyote.AbstractProtocol pause
INFO: Pausing ProtocolHandler ["ajp-bio-8009"]
Jun 12, 2016 4:29:29 PM org.apache.catalina.core.StandardService stopInternal
INFO: Stopping service Catalina
Jun 12, 2016 4:29:29 PM org.apache.coyote.AbstractProtocol stop
INFO: Stopping ProtocolHandler ["http-bio-8080"]
Jun 12, 2016 4:29:29 PM org.apache.coyote.AbstractProtocol stop
INFO: Stopping ProtocolHandler ["ajp-bio-8009"]
Jun 12, 2016 4:29:29 PM org.apache.coyote.AbstractProtocol destroy
INFO: Destroying ProtocolHandler ["http-bio-8080"]
Jun 12, 2016 4:29:29 PM org.apache.coyote.AbstractProtocol destroy
INFO: Destroying ProtocolHandler ["ajp-bio-8009"]
Jun 12, 2016 4:29:33 PM org.apache.tomcat.util.digester.SetPropertiesRule begin
WARNING: [SetPropertiesRule]{Server/Service/Engine/Host/Context} Setting property 'debug' to '0' did not find a matching property.
Jun 12, 2016 4:29:33 PM org.apache.tomcat.util.digester.SetPropertiesRule begin
WARNING: [SetPropertiesRule]{Server/Service/Engine/Host/Context} Setting property 'disableURLRewriting' to 'true' did not find a matching property.
Jun 12, 2016 4:29:33 PM org.apache.catalina.startup.VersionLoggerListener log
INFO: Server version:        Apache Tomcat/7.0.57
Jun 12, 2016 4:29:33 PM org.apache.catalina.startup.VersionLoggerListener log
INFO: Server built:          Nov 3 2014 08:39:16 UTC
Jun 12, 2016 4:29:33 PM org.apache.catalina.startup.VersionLoggerListener log
INFO: Server number:         7.0.57.0
Jun 12, 2016 4:29:33 PM org.apache.catalina.startup.VersionLoggerListener log
INFO: OS Name:               Mac OS X
Jun 12, 2016 4:29:33 PM org.apache.catalina.startup.VersionLoggerListener log
INFO: OS Version:            10.11.5
Jun 12, 2016 4:29:33 PM org.apache.catalina.startup.VersionLoggerListener log
INFO: Architecture:          x86_64
Jun 12, 2016 4:29:33 PM org.apache.catalina.startup.VersionLoggerListener log
INFO: JAVA_HOME:             /Library/Java/JavaVirtualMachines/jdk1.8.0_25.jdk/Contents/Home/jre
Jun 12, 2016 4:29:33 PM org.apache.catalina.startup.VersionLoggerListener log
INFO: JVM Version:           1.8.0_25-b17
Jun 12, 2016 4:29:33 PM org.apache.catalina.startup.VersionLoggerListener log
INFO: JVM Vendor:            Oracle Corporation
Jun 12, 2016 4:29:33 PM org.apache.catalina.startup.VersionLoggerListener log
INFO: CATALINA_BASE:         /Users/Vaibhav/MyHome/workme/repos/kanyakubja/tomcat
Jun 12, 2016 4:29:33 PM org.apache.catalina.startup.VersionLoggerListener log
INFO: CATALINA_HOME:         /Users/Vaibhav/MyHome/workme/repos/kanyakubja/tomcat
Jun 12, 2016 4:29:33 PM org.apache.catalina.startup.VersionLoggerListener log
INFO: Command line argument: -Djava.util.logging.config.file=/Users/Vaibhav/MyHome/workme/repos/kanyakubja/tomcat/conf/logging.properties
Jun 12, 2016 4:29:33 PM org.apache.catalina.startup.VersionLoggerListener log
INFO: Command line argument: -Djava.util.logging.manager=org.apache.juli.ClassLoaderLogManager
Jun 12, 2016 4:29:33 PM org.apache.catalina.startup.VersionLoggerListener log
INFO: Command line argument: -Djava.endorsed.dirs=/Users/Vaibhav/MyHome/workme/repos/kanyakubja/tomcat/endorsed
Jun 12, 2016 4:29:33 PM org.apache.catalina.startup.VersionLoggerListener log
INFO: Command line argument: -Dcatalina.base=/Users/Vaibhav/MyHome/workme/repos/kanyakubja/tomcat
Jun 12, 2016 4:29:33 PM org.apache.catalina.startup.VersionLoggerListener log
INFO: Command line argument: -Dcatalina.home=/Users/Vaibhav/MyHome/workme/repos/kanyakubja/tomcat
Jun 12, 2016 4:29:33 PM org.apache.catalina.startup.VersionLoggerListener log
INFO: Command line argument: -Djava.io.tmpdir=/Users/Vaibhav/MyHome/workme/repos/kanyakubja/tomcat/temp
Jun 12, 2016 4:29:33 PM org.apache.catalina.core.AprLifecycleListener lifecycleEvent
INFO: The APR based Apache Tomcat Native library which allows optimal performance in production environments was not found on the java.library.path: /Users/Vaibhav/Library/Java/Extensions:/Library/Java/Extensions:/Network/Library/Java/Extensions:/System/Library/Java/Extensions:/usr/lib/java:.
Jun 12, 2016 4:29:33 PM org.apache.coyote.AbstractProtocol init
INFO: Initializing ProtocolHandler ["http-bio-8080"]
Jun 12, 2016 4:29:33 PM org.apache.coyote.AbstractProtocol init
INFO: Initializing ProtocolHandler ["ajp-bio-8009"]
Jun 12, 2016 4:29:33 PM org.apache.catalina.startup.Catalina load
INFO: Initialization processed in 593 ms
Jun 12, 2016 4:29:33 PM org.apache.catalina.core.StandardService startInternal
INFO: Starting service Catalina
Jun 12, 2016 4:29:33 PM org.apache.catalina.core.StandardEngine startInternal
INFO: Starting Servlet Engine: Apache Tomcat/7.0.57
Jun 12, 2016 4:29:33 PM org.apache.catalina.core.StandardContext resourcesStart
SEVERE: Error starting static Resources
java.lang.IllegalArgumentException: Document base /Users/Vaibhav/MyHome/workme/repos/kanyakubja/tomcat/webapps/../../kanyakubja/KanyakubjaPortal/web does not exist or is not a readable directory
	at org.apache.naming.resources.FileDirContext.setDocBase(FileDirContext.java:136)
	at org.apache.catalina.core.StandardContext.resourcesStart(StandardContext.java:5110)
	at org.apache.catalina.core.StandardContext.startInternal(StandardContext.java:5294)
	at org.apache.catalina.util.LifecycleBase.start(LifecycleBase.java:150)
	at org.apache.catalina.core.ContainerBase$StartChild.call(ContainerBase.java:1575)
	at org.apache.catalina.core.ContainerBase$StartChild.call(ContainerBase.java:1565)
	at java.util.concurrent.FutureTask.run(FutureTask.java:266)
	at java.util.concurrent.ThreadPoolExecutor.runWorker(ThreadPoolExecutor.java:1142)
	at java.util.concurrent.ThreadPoolExecutor$Worker.run(ThreadPoolExecutor.java:617)
	at java.lang.Thread.run(Thread.java:745)

Jun 12, 2016 4:29:33 PM org.apache.catalina.core.ContainerBase startInternal
SEVERE: A child container failed during start
java.util.concurrent.ExecutionException: org.apache.catalina.LifecycleException: Failed to start component [StandardEngine[Catalina].StandardHost[localhost].StandardContext[/]]
	at java.util.concurrent.FutureTask.report(FutureTask.java:122)
	at java.util.concurrent.FutureTask.get(FutureTask.java:192)
	at org.apache.catalina.core.ContainerBase.startInternal(ContainerBase.java:1123)
	at org.apache.catalina.core.StandardHost.startInternal(StandardHost.java:816)
	at org.apache.catalina.util.LifecycleBase.start(LifecycleBase.java:150)
	at org.apache.catalina.core.ContainerBase$StartChild.call(ContainerBase.java:1575)
	at org.apache.catalina.core.ContainerBase$StartChild.call(ContainerBase.java:1565)
	at java.util.concurrent.FutureTask.run(FutureTask.java:266)
	at java.util.concurrent.ThreadPoolExecutor.runWorker(ThreadPoolExecutor.java:1142)
	at java.util.concurrent.ThreadPoolExecutor$Worker.run(ThreadPoolExecutor.java:617)
	at java.lang.Thread.run(Thread.java:745)
Caused by: org.apache.catalina.LifecycleException: Failed to start component [StandardEngine[Catalina].StandardHost[localhost].StandardContext[/]]
	at org.apache.catalina.util.LifecycleBase.start(LifecycleBase.java:154)
	... 6 more
Caused by: org.apache.catalina.LifecycleException: Error in resourceStart()
	at org.apache.catalina.core.StandardContext.startInternal(StandardContext.java:5295)
	at org.apache.catalina.util.LifecycleBase.start(LifecycleBase.java:150)
	... 6 more

Jun 12, 2016 4:29:33 PM org.apache.catalina.core.ContainerBase startInternal
SEVERE: A child container failed during start
java.util.concurrent.ExecutionException: org.apache.catalina.LifecycleException: Failed to start component [StandardEngine[Catalina].StandardHost[localhost]]
	at java.util.concurrent.FutureTask.report(FutureTask.java:122)
	at java.util.concurrent.FutureTask.get(FutureTask.java:192)
	at org.apache.catalina.core.ContainerBase.startInternal(ContainerBase.java:1123)
	at org.apache.catalina.core.StandardEngine.startInternal(StandardEngine.java:300)
	at org.apache.catalina.util.LifecycleBase.start(LifecycleBase.java:150)
	at org.apache.catalina.core.StandardService.startInternal(StandardService.java:443)
	at org.apache.catalina.util.LifecycleBase.start(LifecycleBase.java:150)
	at org.apache.catalina.core.StandardServer.startInternal(StandardServer.java:739)
	at org.apache.catalina.util.LifecycleBase.start(LifecycleBase.java:150)
	at org.apache.catalina.startup.Catalina.start(Catalina.java:689)
	at sun.reflect.NativeMethodAccessorImpl.invoke0(Native Method)
	at sun.reflect.NativeMethodAccessorImpl.invoke(NativeMethodAccessorImpl.java:62)
	at sun.reflect.DelegatingMethodAccessorImpl.invoke(DelegatingMethodAccessorImpl.java:43)
	at java.lang.reflect.Method.invoke(Method.java:483)
	at org.apache.catalina.startup.Bootstrap.start(Bootstrap.java:321)
	at org.apache.catalina.startup.Bootstrap.main(Bootstrap.java:455)
Caused by: org.apache.catalina.LifecycleException: Failed to start component [StandardEngine[Catalina].StandardHost[localhost]]
	at org.apache.catalina.util.LifecycleBase.start(LifecycleBase.java:154)
	at org.apache.catalina.core.ContainerBase$StartChild.call(ContainerBase.java:1575)
	at org.apache.catalina.core.ContainerBase$StartChild.call(ContainerBase.java:1565)
	at java.util.concurrent.FutureTask.run(FutureTask.java:266)
	at java.util.concurrent.ThreadPoolExecutor.runWorker(ThreadPoolExecutor.java:1142)
	at java.util.concurrent.ThreadPoolExecutor$Worker.run(ThreadPoolExecutor.java:617)
	at java.lang.Thread.run(Thread.java:745)
Caused by: org.apache.catalina.LifecycleException: A child container failed during start
	at org.apache.catalina.core.ContainerBase.startInternal(ContainerBase.java:1131)
	at org.apache.catalina.core.StandardHost.startInternal(StandardHost.java:816)
	at org.apache.catalina.util.LifecycleBase.start(LifecycleBase.java:150)
	... 6 more

Jun 12, 2016 4:29:33 PM org.apache.catalina.startup.Catalina start
SEVERE: The required Server component failed to start so Tomcat is unable to start.
org.apache.catalina.LifecycleException: Failed to start component [StandardServer[8005]]
	at org.apache.catalina.util.LifecycleBase.start(LifecycleBase.java:154)
	at org.apache.catalina.startup.Catalina.start(Catalina.java:689)
	at sun.reflect.NativeMethodAccessorImpl.invoke0(Native Method)
	at sun.reflect.NativeMethodAccessorImpl.invoke(NativeMethodAccessorImpl.java:62)
	at sun.reflect.DelegatingMethodAccessorImpl.invoke(DelegatingMethodAccessorImpl.java:43)
	at java.lang.reflect.Method.invoke(Method.java:483)
	at org.apache.catalina.startup.Bootstrap.start(Bootstrap.java:321)
	at org.apache.catalina.startup.Bootstrap.main(Bootstrap.java:455)
Caused by: org.apache.catalina.LifecycleException: Failed to start component [StandardService[Catalina]]
	at org.apache.catalina.util.LifecycleBase.start(LifecycleBase.java:154)
	at org.apache.catalina.core.StandardServer.startInternal(StandardServer.java:739)
	at org.apache.catalina.util.LifecycleBase.start(LifecycleBase.java:150)
	... 7 more
Caused by: org.apache.catalina.LifecycleException: Failed to start component [StandardEngine[Catalina]]
	at org.apache.catalina.util.LifecycleBase.start(LifecycleBase.java:154)
	at org.apache.catalina.core.StandardService.startInternal(StandardService.java:443)
	at org.apache.catalina.util.LifecycleBase.start(LifecycleBase.java:150)
	... 9 more
Caused by: org.apache.catalina.LifecycleException: A child container failed during start
	at org.apache.catalina.core.ContainerBase.startInternal(ContainerBase.java:1131)
	at org.apache.catalina.core.StandardEngine.startInternal(StandardEngine.java:300)
	at org.apache.catalina.util.LifecycleBase.start(LifecycleBase.java:150)
	... 11 more

Jun 12, 2016 4:29:33 PM org.apache.coyote.AbstractProtocol pause
INFO: Pausing ProtocolHandler ["http-bio-8080"]
Jun 12, 2016 4:29:33 PM org.apache.coyote.AbstractProtocol pause
INFO: Pausing ProtocolHandler ["ajp-bio-8009"]
Jun 12, 2016 4:29:33 PM org.apache.catalina.core.StandardService stopInternal
INFO: Stopping service Catalina
Jun 12, 2016 4:29:33 PM org.apache.coyote.AbstractProtocol destroy
INFO: Destroying ProtocolHandler ["http-bio-8080"]
Jun 12, 2016 4:29:33 PM org.apache.coyote.AbstractProtocol destroy
INFO: Destroying ProtocolHandler ["ajp-bio-8009"]
Jun 12, 2016 4:29:40 PM org.apache.tomcat.util.digester.SetPropertiesRule begin
WARNING: [SetPropertiesRule]{Server/Service/Engine/Host/Context} Setting property 'debug' to '0' did not find a matching property.
Jun 12, 2016 4:29:40 PM org.apache.tomcat.util.digester.SetPropertiesRule begin
WARNING: [SetPropertiesRule]{Server/Service/Engine/Host/Context} Setting property 'disableURLRewriting' to 'true' did not find a matching property.
Jun 12, 2016 4:29:40 PM org.apache.catalina.startup.VersionLoggerListener log
INFO: Server version:        Apache Tomcat/7.0.57
Jun 12, 2016 4:29:40 PM org.apache.catalina.startup.VersionLoggerListener log
INFO: Server built:          Nov 3 2014 08:39:16 UTC
Jun 12, 2016 4:29:40 PM org.apache.catalina.startup.VersionLoggerListener log
INFO: Server number:         7.0.57.0
Jun 12, 2016 4:29:40 PM org.apache.catalina.startup.VersionLoggerListener log
INFO: OS Name:               Mac OS X
Jun 12, 2016 4:29:41 PM org.apache.catalina.startup.VersionLoggerListener log
INFO: OS Version:            10.11.5
Jun 12, 2016 4:29:41 PM org.apache.catalina.startup.VersionLoggerListener log
INFO: Architecture:          x86_64
Jun 12, 2016 4:29:41 PM org.apache.catalina.startup.VersionLoggerListener log
INFO: JAVA_HOME:             /Library/Java/JavaVirtualMachines/jdk1.8.0_25.jdk/Contents/Home/jre
Jun 12, 2016 4:29:41 PM org.apache.catalina.startup.VersionLoggerListener log
INFO: JVM Version:           1.8.0_25-b17
Jun 12, 2016 4:29:41 PM org.apache.catalina.startup.VersionLoggerListener log
INFO: JVM Vendor:            Oracle Corporation
Jun 12, 2016 4:29:41 PM org.apache.catalina.startup.VersionLoggerListener log
INFO: CATALINA_BASE:         /Users/Vaibhav/MyHome/workme/repos/kanyakubja/tomcat
Jun 12, 2016 4:29:41 PM org.apache.catalina.startup.VersionLoggerListener log
INFO: CATALINA_HOME:         /Users/Vaibhav/MyHome/workme/repos/kanyakubja/tomcat
Jun 12, 2016 4:29:41 PM org.apache.catalina.startup.VersionLoggerListener log
INFO: Command line argument: -Djava.util.logging.config.file=/Users/Vaibhav/MyHome/workme/repos/kanyakubja/tomcat/conf/logging.properties
Jun 12, 2016 4:29:41 PM org.apache.catalina.startup.VersionLoggerListener log
INFO: Command line argument: -Djava.util.logging.manager=org.apache.juli.ClassLoaderLogManager
Jun 12, 2016 4:29:41 PM org.apache.catalina.startup.VersionLoggerListener log
INFO: Command line argument: -Djava.endorsed.dirs=/Users/Vaibhav/MyHome/workme/repos/kanyakubja/tomcat/endorsed
Jun 12, 2016 4:29:41 PM org.apache.catalina.startup.VersionLoggerListener log
INFO: Command line argument: -Dcatalina.base=/Users/Vaibhav/MyHome/workme/repos/kanyakubja/tomcat
Jun 12, 2016 4:29:41 PM org.apache.catalina.startup.VersionLoggerListener log
INFO: Command line argument: -Dcatalina.home=/Users/Vaibhav/MyHome/workme/repos/kanyakubja/tomcat
Jun 12, 2016 4:29:41 PM org.apache.catalina.startup.VersionLoggerListener log
INFO: Command line argument: -Djava.io.tmpdir=/Users/Vaibhav/MyHome/workme/repos/kanyakubja/tomcat/temp
Jun 12, 2016 4:29:41 PM org.apache.catalina.core.AprLifecycleListener lifecycleEvent
INFO: The APR based Apache Tomcat Native library which allows optimal performance in production environments was not found on the java.library.path: /Users/Vaibhav/Library/Java/Extensions:/Library/Java/Extensions:/Network/Library/Java/Extensions:/System/Library/Java/Extensions:/usr/lib/java:.
Jun 12, 2016 4:29:41 PM org.apache.coyote.AbstractProtocol init
INFO: Initializing ProtocolHandler ["http-bio-8080"]
Jun 12, 2016 4:29:41 PM org.apache.coyote.AbstractProtocol init
INFO: Initializing ProtocolHandler ["ajp-bio-8009"]
Jun 12, 2016 4:29:41 PM org.apache.catalina.startup.Catalina load
INFO: Initialization processed in 662 ms
Jun 12, 2016 4:29:41 PM org.apache.catalina.core.StandardService startInternal
INFO: Starting service Catalina
Jun 12, 2016 4:29:41 PM org.apache.catalina.core.StandardEngine startInternal
INFO: Starting Servlet Engine: Apache Tomcat/7.0.57
Jun 12, 2016 4:29:41 PM org.apache.catalina.core.StandardContext resourcesStart
SEVERE: Error starting static Resources
java.lang.IllegalArgumentException: Document base /Users/Vaibhav/MyHome/workme/repos/kanyakubja/tomcat/webapps/../../kanyakubja/KanyakubjaPortal/web does not exist or is not a readable directory
	at org.apache.naming.resources.FileDirContext.setDocBase(FileDirContext.java:136)
	at org.apache.catalina.core.StandardContext.resourcesStart(StandardContext.java:5110)
	at org.apache.catalina.core.StandardContext.startInternal(StandardContext.java:5294)
	at org.apache.catalina.util.LifecycleBase.start(LifecycleBase.java:150)
	at org.apache.catalina.core.ContainerBase$StartChild.call(ContainerBase.java:1575)
	at org.apache.catalina.core.ContainerBase$StartChild.call(ContainerBase.java:1565)
	at java.util.concurrent.FutureTask.run(FutureTask.java:266)
	at java.util.concurrent.ThreadPoolExecutor.runWorker(ThreadPoolExecutor.java:1142)
	at java.util.concurrent.ThreadPoolExecutor$Worker.run(ThreadPoolExecutor.java:617)
	at java.lang.Thread.run(Thread.java:745)

Jun 12, 2016 4:29:41 PM org.apache.catalina.core.ContainerBase startInternal
SEVERE: A child container failed during start
java.util.concurrent.ExecutionException: org.apache.catalina.LifecycleException: Failed to start component [StandardEngine[Catalina].StandardHost[localhost].StandardContext[/]]
	at java.util.concurrent.FutureTask.report(FutureTask.java:122)
	at java.util.concurrent.FutureTask.get(FutureTask.java:192)
	at org.apache.catalina.core.ContainerBase.startInternal(ContainerBase.java:1123)
	at org.apache.catalina.core.StandardHost.startInternal(StandardHost.java:816)
	at org.apache.catalina.util.LifecycleBase.start(LifecycleBase.java:150)
	at org.apache.catalina.core.ContainerBase$StartChild.call(ContainerBase.java:1575)
	at org.apache.catalina.core.ContainerBase$StartChild.call(ContainerBase.java:1565)
	at java.util.concurrent.FutureTask.run(FutureTask.java:266)
	at java.util.concurrent.ThreadPoolExecutor.runWorker(ThreadPoolExecutor.java:1142)
	at java.util.concurrent.ThreadPoolExecutor$Worker.run(ThreadPoolExecutor.java:617)
	at java.lang.Thread.run(Thread.java:745)
Caused by: org.apache.catalina.LifecycleException: Failed to start component [StandardEngine[Catalina].StandardHost[localhost].StandardContext[/]]
	at org.apache.catalina.util.LifecycleBase.start(LifecycleBase.java:154)
	... 6 more
Caused by: org.apache.catalina.LifecycleException: Error in resourceStart()
	at org.apache.catalina.core.StandardContext.startInternal(StandardContext.java:5295)
	at org.apache.catalina.util.LifecycleBase.start(LifecycleBase.java:150)
	... 6 more

Jun 12, 2016 4:29:41 PM org.apache.catalina.core.ContainerBase startInternal
SEVERE: A child container failed during start
java.util.concurrent.ExecutionException: org.apache.catalina.LifecycleException: Failed to start component [StandardEngine[Catalina].StandardHost[localhost]]
	at java.util.concurrent.FutureTask.report(FutureTask.java:122)
	at java.util.concurrent.FutureTask.get(FutureTask.java:192)
	at org.apache.catalina.core.ContainerBase.startInternal(ContainerBase.java:1123)
	at org.apache.catalina.core.StandardEngine.startInternal(StandardEngine.java:300)
	at org.apache.catalina.util.LifecycleBase.start(LifecycleBase.java:150)
	at org.apache.catalina.core.StandardService.startInternal(StandardService.java:443)
	at org.apache.catalina.util.LifecycleBase.start(LifecycleBase.java:150)
	at org.apache.catalina.core.StandardServer.startInternal(StandardServer.java:739)
	at org.apache.catalina.util.LifecycleBase.start(LifecycleBase.java:150)
	at org.apache.catalina.startup.Catalina.start(Catalina.java:689)
	at sun.reflect.NativeMethodAccessorImpl.invoke0(Native Method)
	at sun.reflect.NativeMethodAccessorImpl.invoke(NativeMethodAccessorImpl.java:62)
	at sun.reflect.DelegatingMethodAccessorImpl.invoke(DelegatingMethodAccessorImpl.java:43)
	at java.lang.reflect.Method.invoke(Method.java:483)
	at org.apache.catalina.startup.Bootstrap.start(Bootstrap.java:321)
	at org.apache.catalina.startup.Bootstrap.main(Bootstrap.java:455)
Caused by: org.apache.catalina.LifecycleException: Failed to start component [StandardEngine[Catalina].StandardHost[localhost]]
	at org.apache.catalina.util.LifecycleBase.start(LifecycleBase.java:154)
	at org.apache.catalina.core.ContainerBase$StartChild.call(ContainerBase.java:1575)
	at org.apache.catalina.core.ContainerBase$StartChild.call(ContainerBase.java:1565)
	at java.util.concurrent.FutureTask.run(FutureTask.java:266)
	at java.util.concurrent.ThreadPoolExecutor.runWorker(ThreadPoolExecutor.java:1142)
	at java.util.concurrent.ThreadPoolExecutor$Worker.run(ThreadPoolExecutor.java:617)
	at java.lang.Thread.run(Thread.java:745)
Caused by: org.apache.catalina.LifecycleException: A child container failed during start
	at org.apache.catalina.core.ContainerBase.startInternal(ContainerBase.java:1131)
	at org.apache.catalina.core.StandardHost.startInternal(StandardHost.java:816)
	at org.apache.catalina.util.LifecycleBase.start(LifecycleBase.java:150)
	... 6 more

Jun 12, 2016 4:29:41 PM org.apache.catalina.startup.Catalina start
SEVERE: The required Server component failed to start so Tomcat is unable to start.
org.apache.catalina.LifecycleException: Failed to start component [StandardServer[8005]]
	at org.apache.catalina.util.LifecycleBase.start(LifecycleBase.java:154)
	at org.apache.catalina.startup.Catalina.start(Catalina.java:689)
	at sun.reflect.NativeMethodAccessorImpl.invoke0(Native Method)
	at sun.reflect.NativeMethodAccessorImpl.invoke(NativeMethodAccessorImpl.java:62)
	at sun.reflect.DelegatingMethodAccessorImpl.invoke(DelegatingMethodAccessorImpl.java:43)
	at java.lang.reflect.Method.invoke(Method.java:483)
	at org.apache.catalina.startup.Bootstrap.start(Bootstrap.java:321)
	at org.apache.catalina.startup.Bootstrap.main(Bootstrap.java:455)
Caused by: org.apache.catalina.LifecycleException: Failed to start component [StandardService[Catalina]]
	at org.apache.catalina.util.LifecycleBase.start(LifecycleBase.java:154)
	at org.apache.catalina.core.StandardServer.startInternal(StandardServer.java:739)
	at org.apache.catalina.util.LifecycleBase.start(LifecycleBase.java:150)
	... 7 more
Caused by: org.apache.catalina.LifecycleException: Failed to start component [StandardEngine[Catalina]]
	at org.apache.catalina.util.LifecycleBase.start(LifecycleBase.java:154)
	at org.apache.catalina.core.StandardService.startInternal(StandardService.java:443)
	at org.apache.catalina.util.LifecycleBase.start(LifecycleBase.java:150)
	... 9 more
Caused by: org.apache.catalina.LifecycleException: A child container failed during start
	at org.apache.catalina.core.ContainerBase.startInternal(ContainerBase.java:1131)
	at org.apache.catalina.core.StandardEngine.startInternal(StandardEngine.java:300)
	at org.apache.catalina.util.LifecycleBase.start(LifecycleBase.java:150)
	... 11 more

Jun 12, 2016 4:29:41 PM org.apache.coyote.AbstractProtocol pause
INFO: Pausing ProtocolHandler ["http-bio-8080"]
Jun 12, 2016 4:29:41 PM org.apache.coyote.AbstractProtocol pause
INFO: Pausing ProtocolHandler ["ajp-bio-8009"]
Jun 12, 2016 4:29:41 PM org.apache.catalina.core.StandardService stopInternal
INFO: Stopping service Catalina
Jun 12, 2016 4:29:41 PM org.apache.coyote.AbstractProtocol destroy
INFO: Destroying ProtocolHandler ["http-bio-8080"]
Jun 12, 2016 4:29:41 PM org.apache.coyote.AbstractProtocol destroy
INFO: Destroying ProtocolHandler ["ajp-bio-8009"]
